CC /study/lv_port_linux_gec6818/lvgl/src/draw/sw/blend/neon/lv_blend_neon.S
CC /study/lv_port_linux_gec6818/lvgl/src/draw/sw/blend/helium/lv_blend_helium.S
CC /study/lv_port_linux_gec6818/lvgl/src/layouts/lv_layout.c
CC /study/lv_port_linux_gec6818/lvgl/src/layouts/flex/lv_flex.c
CC /study/lv_port_linux_gec6818/lvgl/src/layouts/grid/lv_grid.c
CC /study/lv_port_linux_gec6818/lvgl/src/others/vg_lite_tvg/vg_lite_matrix.c
CC /study/lv_port_linux_gec6818/lvgl/src/others/snapshot/lv_snapshot.c
CC /study/lv_port_linux_gec6818/lvgl/src/others/monkey/lv_monkey.c
CC /study/lv_port_linux_gec6818/lvgl/src/others/file_explorer/lv_file_explorer.c
CC /study/lv_port_linux_gec6818/lvgl/src/others/imgfont/lv_imgfont.c
CC /study/lv_port_linux_gec6818/lvgl/src/others/ime/lv_ime_pinyin.c
CC /study/lv_port_linux_gec6818/lvgl/src/others/sysmon/lv_sysmon.c
CC /study/lv_port_linux_gec6818/lvgl/src/others/gridnav/lv_gridnav.c
CC /study/lv_port_linux_gec6818/lvgl/src/others/fragment/lv_fragment_manager.c
CC /study/lv_port_linux_gec6818/lvgl/src/others/fragment/lv_fragment.c
CC /study/lv_port_linux_gec6818/lvgl/src/others/observer/lv_observer.c
CC /study/lv_port_linux_gec6818/lvgl/src/osal/lv_rtthread.c
CC /study/lv_port_linux_gec6818/lvgl/src/osal/lv_freertos.c
CC /study/lv_port_linux_gec6818/lvgl/src/osal/lv_cmsis_rtos2.c
CC /study/lv_port_linux_gec6818/lvgl/src/osal/lv_os_none.c
CC /study/lv_port_linux_gec6818/lvgl/src/osal/lv_pthread.c
CC /study/lv_port_linux_gec6818/lvgl/src/osal/lv_windows.c
CC /study/lv_port_linux_gec6818/lvgl/src/indev/lv_indev_scroll.c
CC /study/lv_port_linux_gec6818/lvgl/src/indev/lv_indev.c
CC /study/lv_port_linux_gec6818/lvgl/src/font/lv_font_montserrat_24.c
CC /study/lv_port_linux_gec6818/lvgl/src/font/lv_font_montserrat_38.c
CC /study/lv_port_linux_gec6818/lvgl/src/font/lv_font_montserrat_16.c
CC /study/lv_port_linux_gec6818/lvgl/src/font/lv_font_unscii_16.c
CC /study/lv_port_linux_gec6818/lvgl/src/font/lv_font_montserrat_44.c
CC /study/lv_port_linux_gec6818/lvgl/src/font/lv_font_montserrat_8.c
CC /study/lv_port_linux_gec6818/lvgl/src/font/lv_font_montserrat_10.c
CC /study/lv_port_linux_gec6818/lvgl/src/font/lv_binfont_loader.c
CC /study/lv_port_linux_gec6818/lvgl/src/font/lv_font_montserrat_42.c
CC /study/lv_port_linux_gec6818/lvgl/src/font/lv_font_montserrat_28.c
CC /study/lv_port_linux_gec6818/lvgl/src/font/lv_font_montserrat_40.c
CC /study/lv_port_linux_gec6818/lvgl/src/font/lv_font_montserrat_30.c
CC /study/lv_port_linux_gec6818/lvgl/src/font/lv_font_simsun_16_cjk.c
CC /study/lv_port_linux_gec6818/lvgl/src/font/lv_font_montserrat_18.c
CC /study/lv_port_linux_gec6818/lvgl/src/font/lv_font_montserrat_14.c
CC /study/lv_port_linux_gec6818/lvgl/src/font/lv_font.c
CC /study/lv_port_linux_gec6818/lvgl/src/font/lv_font_montserrat_28_compressed.c
CC /study/lv_port_linux_gec6818/lvgl/src/font/lv_font_montserrat_36.c
CC /study/lv_port_linux_gec6818/lvgl/src/font/lv_font_montserrat_20.c
CC /study/lv_port_linux_gec6818/lvgl/src/font/lv_font_montserrat_32.c
CC /study/lv_port_linux_gec6818/lvgl/src/font/lv_font_montserrat_34.c
CC /study/lv_port_linux_gec6818/lvgl/src/font/lv_font_montserrat_22.c
CC /study/lv_port_linux_gec6818/lvgl/src/font/lv_font_fmt_txt.c
CC /study/lv_port_linux_gec6818/lvgl/src/font/lv_font_montserrat_12.c
CC /study/lv_port_linux_gec6818/lvgl/src/font/lv_font_montserrat_46.c
CC /study/lv_port_linux_gec6818/lvgl/src/font/lv_font_dejavu_16_persian_hebrew.c
CC /study/lv_port_linux_gec6818/lvgl/src/font/lv_font_unscii_8.c
CC /study/lv_port_linux_gec6818/lvgl/src/font/lv_font_montserrat_26.c
CC /study/lv_port_linux_gec6818/lvgl/src/font/lv_font_montserrat_48.c
CC /study/lv_port_linux_gec6818/lvgl/src/stdlib/clib/lv_sprintf_clib.c
CC /study/lv_port_linux_gec6818/lvgl/src/stdlib/clib/lv_string_clib.c
CC /study/lv_port_linux_gec6818/lvgl/src/stdlib/clib/lv_mem_core_clib.c
CC /study/lv_port_linux_gec6818/lvgl/src/stdlib/rtthread/lv_string_rtthread.c
CC /study/lv_port_linux_gec6818/lvgl/src/stdlib/rtthread/lv_mem_core_rtthread.c
CC /study/lv_port_linux_gec6818/lvgl/src/stdlib/rtthread/lv_sprintf_rtthread.c
CC /study/lv_port_linux_gec6818/lvgl/src/stdlib/lv_mem.c
CC /study/lv_port_linux_gec6818/lvgl/src/stdlib/micropython/lv_mem_core_micropython.c
CC /study/lv_port_linux_gec6818/lvgl/src/stdlib/builtin/lv_string_builtin.c
CC /study/lv_port_linux_gec6818/lvgl/src/stdlib/builtin/lv_sprintf_builtin.c
CC /study/lv_port_linux_gec6818/lvgl/src/stdlib/builtin/lv_mem_core_builtin.c
CC /study/lv_port_linux_gec6818/lvgl/src/stdlib/builtin/lv_tlsf.c
CC /study/lv_port_linux_gec6818/lvgl/src/core/lv_obj_pos.c
CC /study/lv_port_linux_gec6818/lvgl/src/core/lv_obj.c
CC /study/lv_port_linux_gec6818/lvgl/src/core/lv_obj_scroll.c
CC /study/lv_port_linux_gec6818/lvgl/src/core/lv_obj_id_builtin.c
CC /study/lv_port_linux_gec6818/lvgl/src/core/lv_obj_class.c
CC /study/lv_port_linux_gec6818/lvgl/src/core/lv_obj_style_gen.c
CC /study/lv_port_linux_gec6818/lvgl/src/core/lv_obj_property.c
CC /study/lv_port_linux_gec6818/lvgl/src/core/lv_obj_style.c
CC /study/lv_port_linux_gec6818/lvgl/src/core/lv_obj_event.c
CC /study/lv_port_linux_gec6818/lvgl/src/core/lv_obj_draw.c
CC /study/lv_port_linux_gec6818/lvgl/src/core/lv_refr.c
CC /study/lv_port_linux_gec6818/lvgl/src/core/lv_group.c
CC /study/lv_port_linux_gec6818/lvgl/src/core/lv_obj_tree.c
CC /study/lv_port_linux_gec6818/lvgl/src/misc/lv_array.c
CC /study/lv_port_linux_gec6818/lvgl/src/misc/lv_text_ap.c
CC /study/lv_port_linux_gec6818/lvgl/src/misc/lv_fs.c
CC /study/lv_port_linux_gec6818/lvgl/src/misc/lv_rb.c
CC /study/lv_port_linux_gec6818/lvgl/src/misc/lv_ll.c
CC /study/lv_port_linux_gec6818/lvgl/src/misc/lv_event.c
CC /study/lv_port_linux_gec6818/lvgl/src/misc/lv_area.c
CC /study/lv_port_linux_gec6818/lvgl/src/misc/lv_color.c
CC /study/lv_port_linux_gec6818/lvgl/src/misc/lv_anim.c
CC /study/lv_port_linux_gec6818/lvgl/src/misc/lv_utils.c
CC /study/lv_port_linux_gec6818/lvgl/src/misc/lv_text.c
CC /study/lv_port_linux_gec6818/lvgl/src/misc/lv_anim_timeline.c
CC /study/lv_port_linux_gec6818/lvgl/src/misc/lv_log.c
CC /study/lv_port_linux_gec6818/lvgl/src/misc/lv_templ.c
CC /study/lv_port_linux_gec6818/lvgl/src/misc/lv_color_op.c
CC /study/lv_port_linux_gec6818/lvgl/src/misc/lv_style_gen.c
CC /study/lv_port_linux_gec6818/lvgl/src/misc/lv_async.c
CC /study/lv_port_linux_gec6818/lvgl/src/misc/cache/_lv_cache_lru_rb.c
CC /study/lv_port_linux_gec6818/lvgl/src/misc/cache/lv_cache.c
CC /study/lv_port_linux_gec6818/lvgl/src/misc/cache/lv_image_cache.c
CC /study/lv_port_linux_gec6818/lvgl/src/misc/cache/lv_cache_entry.c
CC /study/lv_port_linux_gec6818/lvgl/src/misc/lv_style.c
CC /study/lv_port_linux_gec6818/lvgl/src/misc/lv_palette.c
CC /study/lv_port_linux_gec6818/lvgl/src/misc/lv_bidi.c
CC /study/lv_port_linux_gec6818/lvgl/src/misc/lv_math.c
CC /study/lv_port_linux_gec6818/lvgl/src/misc/lv_lru.c
CC /study/lv_port_linux_gec6818/lvgl/src/misc/lv_profiler_builtin.c
CC /study/lv_port_linux_gec6818/lvgl/src/misc/lv_timer.c
CC /study/lv_port_linux_gec6818/lvgl/src/display/lv_display.c
CC /study/lv_port_linux_gec6818/lvgl/src/widgets/image/lv_image.c
CC /study/lv_port_linux_gec6818/lvgl/src/widgets/roller/lv_roller.c
CC /study/lv_port_linux_gec6818/lvgl/src/widgets/line/lv_line.c
CC /study/lv_port_linux_gec6818/lvgl/src/widgets/led/lv_led.c
CC /study/lv_port_linux_gec6818/lvgl/src/widgets/switch/lv_switch.c
CC /study/lv_port_linux_gec6818/lvgl/src/widgets/animimage/lv_animimage.c
CC /study/lv_port_linux_gec6818/lvgl/src/widgets/dropdown/lv_dropdown.c
CC /study/lv_port_linux_gec6818/lvgl/src/widgets/button/lv_button.c
CC /study/lv_port_linux_gec6818/lvgl/src/widgets/menu/lv_menu.c
CC /study/lv_port_linux_gec6818/lvgl/src/widgets/checkbox/lv_checkbox.c
CC /study/lv_port_linux_gec6818/lvgl/src/widgets/spinner/lv_spinner.c
CC /study/lv_port_linux_gec6818/lvgl/src/widgets/tabview/lv_tabview.c
CC /study/lv_port_linux_gec6818/lvgl/src/widgets/span/lv_span.c
CC /study/lv_port_linux_gec6818/lvgl/src/widgets/slider/lv_slider.c
CC /study/lv_port_linux_gec6818/lvgl/src/widgets/bar/lv_bar.c
CC /study/lv_port_linux_gec6818/lvgl/src/widgets/label/lv_label.c
CC /study/lv_port_linux_gec6818/lvgl/src/widgets/keyboard/lv_keyboard.c
CC /study/lv_port_linux_gec6818/lvgl/src/widgets/objx_templ/lv_objx_templ.c
CC /study/lv_port_linux_gec6818/lvgl/src/widgets/chart/lv_chart.c
CC /study/lv_port_linux_gec6818/lvgl/src/widgets/canvas/lv_canvas.c
CC /study/lv_port_linux_gec6818/lvgl/src/widgets/calendar/lv_calendar.c
CC /study/lv_port_linux_gec6818/lvgl/src/widgets/calendar/lv_calendar_header_dropdown.c
CC /study/lv_port_linux_gec6818/lvgl/src/widgets/calendar/lv_calendar_header_arrow.c
CC /study/lv_port_linux_gec6818/lvgl/src/widgets/tileview/lv_tileview.c
CC /study/lv_port_linux_gec6818/lvgl/src/widgets/table/lv_table.c
CC /study/lv_port_linux_gec6818/lvgl/src/widgets/spinbox/lv_spinbox.c
CC /study/lv_port_linux_gec6818/lvgl/src/widgets/textarea/lv_textarea.c
CC /study/lv_port_linux_gec6818/lvgl/src/widgets/imagebutton/lv_imagebutton.c
CC /study/lv_port_linux_gec6818/lvgl/src/widgets/win/lv_win.c
CC /study/lv_port_linux_gec6818/lvgl/src/widgets/arc/lv_arc.c
CC /study/lv_port_linux_gec6818/lvgl/src/widgets/buttonmatrix/lv_buttonmatrix.c
CC /study/lv_port_linux_gec6818/lvgl/src/widgets/list/lv_list.c
CC /study/lv_port_linux_gec6818/lvgl/src/widgets/scale/lv_scale.c
CC /study/lv_port_linux_gec6818/lvgl/src/widgets/msgbox/lv_msgbox.c
CC /study/lv_port_linux_gec6818/lvgl/src/themes/default/lv_theme_default.c
CC /study/lv_port_linux_gec6818/lvgl/src/themes/lv_theme.c
CC /study/lv_port_linux_gec6818/lvgl/src/themes/simple/lv_theme_simple.c
CC /study/lv_port_linux_gec6818/lvgl/src/themes/mono/lv_theme_mono.c
CC /study/lv_port_linux_gec6818/lvgl/src/libs/rle/lv_rle.c
CC /study/lv_port_linux_gec6818/lvgl/src/libs/lz4/lz4.c
CC /study/lv_port_linux_gec6818/lvgl/src/libs/bmp/lv_bmp.c
CC /study/lv_port_linux_gec6818/lvgl/src/libs/gif/lv_gif.c
CC /study/lv_port_linux_gec6818/lvgl/src/libs/gif/gifdec.c
CC /study/lv_port_linux_gec6818/lvgl/src/libs/freetype/lv_freetype_outline.c
CC /study/lv_port_linux_gec6818/lvgl/src/libs/freetype/lv_ftsystem.c
CC /study/lv_port_linux_gec6818/lvgl/src/libs/freetype/lv_freetype_image.c
CC /study/lv_port_linux_gec6818/lvgl/src/libs/freetype/lv_freetype.c
CC /study/lv_port_linux_gec6818/lvgl/src/libs/freetype/lv_freetype_glyph.c
CC /study/lv_port_linux_gec6818/lvgl/src/libs/libpng/lv_libpng.c
CC /study/lv_port_linux_gec6818/lvgl/src/libs/tjpgd/tjpgd.c
CC /study/lv_port_linux_gec6818/lvgl/src/libs/tjpgd/lv_tjpgd.c
CC /study/lv_port_linux_gec6818/lvgl/src/libs/barcode/lv_barcode.c
CC /study/lv_port_linux_gec6818/lvgl/src/libs/barcode/code128.c
CC /study/lv_port_linux_gec6818/lvgl/src/libs/libjpeg_turbo/lv_libjpeg_turbo.c
CC /study/lv_port_linux_gec6818/lvgl/src/libs/bin_decoder/lv_bin_decoder.c
CC /study/lv_port_linux_gec6818/lvgl/src/libs/fsdrv/lv_fs_memfs.c
CC /study/lv_port_linux_gec6818/lvgl/src/libs/fsdrv/lv_fs_posix.c
CC /study/lv_port_linux_gec6818/lvgl/src/libs/fsdrv/lv_fs_fatfs.c
CC /study/lv_port_linux_gec6818/lvgl/src/libs/fsdrv/lv_fs_littlefs.c
CC /study/lv_port_linux_gec6818/lvgl/src/libs/fsdrv/lv_fs_win32.c
CC /study/lv_port_linux_gec6818/lvgl/src/libs/fsdrv/lv_fs_stdio.c
CC /study/lv_port_linux_gec6818/lvgl/src/libs/fsdrv/lv_fs_cbfs.c
CC /study/lv_port_linux_gec6818/lvgl/src/libs/tiny_ttf/lv_tiny_ttf.c
CC /study/lv_port_linux_gec6818/lvgl/src/libs/ffmpeg/lv_ffmpeg.c
CC /study/lv_port_linux_gec6818/lvgl/src/libs/lodepng/lodepng.c
CC /study/lv_port_linux_gec6818/lvgl/src/libs/lodepng/lv_lodepng.c
CC /study/lv_port_linux_gec6818/lvgl/src/libs/rlottie/lv_rlottie.c
CC /study/lv_port_linux_gec6818/lvgl/src/libs/qrcode/qrcodegen.c
CC /study/lv_port_linux_gec6818/lvgl/src/libs/qrcode/lv_qrcode.c
CC /study/lv_port_linux_gec6818/lvgl/src/draw/lv_draw.c
CC /study/lv_port_linux_gec6818/lvgl/src/draw/lv_draw_image.c
CC /study/lv_port_linux_gec6818/lvgl/src/draw/lv_draw_arc.c
CC /study/lv_port_linux_gec6818/lvgl/src/draw/renesas/dave2d/lv_draw_dave2d_arc.c
CC /study/lv_port_linux_gec6818/lvgl/src/draw/renesas/dave2d/lv_draw_dave2d_triangle.c
CC /study/lv_port_linux_gec6818/lvgl/src/draw/renesas/dave2d/lv_draw_dave2d_line.c
CC /study/lv_port_linux_gec6818/lvgl/src/draw/renesas/dave2d/lv_draw_dave2d_border.c
CC /study/lv_port_linux_gec6818/lvgl/src/draw/renesas/dave2d/lv_draw_dave2d.c
CC /study/lv_port_linux_gec6818/lvgl/src/draw/renesas/dave2d/lv_draw_dave2d_label.c
CC /study/lv_port_linux_gec6818/lvgl/src/draw/renesas/dave2d/lv_draw_dave2d_image.c
CC /study/lv_port_linux_gec6818/lvgl/src/draw/renesas/dave2d/lv_draw_dave2d_fill.c
CC /study/lv_port_linux_gec6818/lvgl/src/draw/renesas/dave2d/lv_draw_dave2d_mask_rectangle.c
CC /study/lv_port_linux_gec6818/lvgl/src/draw/renesas/dave2d/lv_draw_dave2d_utils.c
CC /study/lv_port_linux_gec6818/lvgl/src/draw/lv_draw_buf.c
CC /study/lv_port_linux_gec6818/lvgl/src/draw/lv_draw_line.c
CC /study/lv_port_linux_gec6818/lvgl/src/draw/lv_draw_rect.c
CC /study/lv_port_linux_gec6818/lvgl/src/draw/lv_draw_triangle.c
CC /study/lv_port_linux_gec6818/lvgl/src/draw/lv_draw_mask.c
CC /study/lv_port_linux_gec6818/lvgl/src/draw/lv_draw_vector.c
CC /study/lv_port_linux_gec6818/lvgl/src/draw/nxp/pxp/lv_draw_buf_pxp.c
CC /study/lv_port_linux_gec6818/lvgl/src/draw/nxp/pxp/lv_pxp_utils.c
CC /study/lv_port_linux_gec6818/lvgl/src/draw/nxp/pxp/lv_draw_pxp.c
CC /study/lv_port_linux_gec6818/lvgl/src/draw/nxp/pxp/lv_pxp_osa.c
CC /study/lv_port_linux_gec6818/lvgl/src/draw/nxp/pxp/lv_draw_pxp_layer.c
CC /study/lv_port_linux_gec6818/lvgl/src/draw/nxp/pxp/lv_pxp_cfg.c
CC /study/lv_port_linux_gec6818/lvgl/src/draw/nxp/pxp/lv_draw_pxp_fill.c
CC /study/lv_port_linux_gec6818/lvgl/src/draw/nxp/pxp/lv_draw_pxp_img.c
CC /study/lv_port_linux_gec6818/lvgl/src/draw/nxp/vglite/lv_draw_vglite_label.c
CC /study/lv_port_linux_gec6818/lvgl/src/draw/nxp/vglite/lv_draw_vglite_img.c
CC /study/lv_port_linux_gec6818/lvgl/src/draw/nxp/vglite/lv_draw_vglite_line.c
CC /study/lv_port_linux_gec6818/lvgl/src/draw/nxp/vglite/lv_vglite_buf.c
CC /study/lv_port_linux_gec6818/lvgl/src/draw/nxp/vglite/lv_draw_vglite_fill.c
CC /study/lv_port_linux_gec6818/lvgl/src/draw/nxp/vglite/lv_draw_buf_vglite.c
CC /study/lv_port_linux_gec6818/lvgl/src/draw/nxp/vglite/lv_draw_vglite_border.c
CC /study/lv_port_linux_gec6818/lvgl/src/draw/nxp/vglite/lv_draw_vglite_triangle.c
CC /study/lv_port_linux_gec6818/lvgl/src/draw/nxp/vglite/lv_vglite_path.c
CC /study/lv_port_linux_gec6818/lvgl/src/draw/nxp/vglite/lv_vglite_utils.c
CC /study/lv_port_linux_gec6818/lvgl/src/draw/nxp/vglite/lv_draw_vglite_layer.c
CC /study/lv_port_linux_gec6818/lvgl/src/draw/nxp/vglite/lv_vglite_matrix.c
CC /study/lv_port_linux_gec6818/lvgl/src/draw/nxp/vglite/lv_draw_vglite.c
CC /study/lv_port_linux_gec6818/lvgl/src/draw/nxp/vglite/lv_draw_vglite_arc.c
CC /study/lv_port_linux_gec6818/lvgl/src/draw/sdl/lv_draw_sdl.c
CC /study/lv_port_linux_gec6818/lvgl/src/draw/sw/lv_draw_sw_letter.c
CC /study/lv_port_linux_gec6818/lvgl/src/draw/sw/lv_draw_sw_triangle.c
CC /study/lv_port_linux_gec6818/lvgl/src/draw/sw/lv_draw_sw_border.c
CC /study/lv_port_linux_gec6818/lvgl/src/draw/sw/lv_draw_sw_transform.c
CC /study/lv_port_linux_gec6818/lvgl/src/draw/sw/lv_draw_sw_vector.c
CC /study/lv_port_linux_gec6818/lvgl/src/draw/sw/lv_draw_sw_fill.c
CC /study/lv_port_linux_gec6818/lvgl/src/draw/sw/lv_draw_sw_mask_rect.c
CC /study/lv_port_linux_gec6818/lvgl/src/draw/sw/lv_draw_sw_line.c
CC /study/lv_port_linux_gec6818/lvgl/src/draw/sw/lv_draw_sw_mask.c
CC /study/lv_port_linux_gec6818/lvgl/src/draw/sw/blend/lv_draw_sw_blend.c
CC /study/lv_port_linux_gec6818/lvgl/src/draw/sw/blend/lv_draw_sw_blend_to_rgb888.c
CC /study/lv_port_linux_gec6818/lvgl/src/draw/sw/blend/lv_draw_sw_blend_to_rgb565.c
CC /study/lv_port_linux_gec6818/lvgl/src/draw/sw/blend/lv_draw_sw_blend_to_argb8888.c
CC /study/lv_port_linux_gec6818/lvgl/src/draw/sw/lv_draw_sw_box_shadow.c
CC /study/lv_port_linux_gec6818/lvgl/src/draw/sw/lv_draw_sw_arc.c
CC /study/lv_port_linux_gec6818/lvgl/src/draw/sw/lv_draw_sw.c
CC /study/lv_port_linux_gec6818/lvgl/src/draw/sw/lv_draw_sw_img.c
CC /study/lv_port_linux_gec6818/lvgl/src/draw/sw/lv_draw_sw_gradient.c
CC /study/lv_port_linux_gec6818/lvgl/src/draw/lv_draw_label.c
CC /study/lv_port_linux_gec6818/lvgl/src/draw/vg_lite/lv_draw_vg_lite_border.c
CC /study/lv_port_linux_gec6818/lvgl/src/draw/vg_lite/lv_draw_vg_lite_mask_rect.c
CC /study/lv_port_linux_gec6818/lvgl/src/draw/vg_lite/lv_draw_vg_lite_fill.c
CC /study/lv_port_linux_gec6818/lvgl/src/draw/vg_lite/lv_draw_vg_lite_layer.c
CC /study/lv_port_linux_gec6818/lvgl/src/draw/vg_lite/lv_draw_vg_lite_vector.c
CC /study/lv_port_linux_gec6818/lvgl/src/draw/vg_lite/lv_draw_vg_lite_line.c
CC /study/lv_port_linux_gec6818/lvgl/src/draw/vg_lite/lv_vg_lite_path.c
CC /study/lv_port_linux_gec6818/lvgl/src/draw/vg_lite/lv_vg_lite_decoder.c
CC /study/lv_port_linux_gec6818/lvgl/src/draw/vg_lite/lv_vg_lite_grad.c
CC /study/lv_port_linux_gec6818/lvgl/src/draw/vg_lite/lv_draw_vg_lite.c
CC /study/lv_port_linux_gec6818/lvgl/src/draw/vg_lite/lv_draw_vg_lite_label.c
CC /study/lv_port_linux_gec6818/lvgl/src/draw/vg_lite/lv_vg_lite_math.c
CC /study/lv_port_linux_gec6818/lvgl/src/draw/vg_lite/lv_draw_vg_lite_img.c
CC /study/lv_port_linux_gec6818/lvgl/src/draw/vg_lite/lv_draw_vg_lite_box_shadow.c
CC /study/lv_port_linux_gec6818/lvgl/src/draw/vg_lite/lv_vg_lite_utils.c
CC /study/lv_port_linux_gec6818/lvgl/src/draw/vg_lite/lv_draw_vg_lite_arc.c
CC /study/lv_port_linux_gec6818/lvgl/src/draw/vg_lite/lv_draw_vg_lite_triangle.c
CC /study/lv_port_linux_gec6818/lvgl/src/draw/vg_lite/lv_vg_lite_pending.c
CC /study/lv_port_linux_gec6818/lvgl/src/draw/vg_lite/lv_draw_buf_vg_lite.c
CC /study/lv_port_linux_gec6818/lvgl/src/draw/lv_image_decoder.c
CC /study/lv_port_linux_gec6818/lvgl/src/lv_init.c
CC /study/lv_port_linux_gec6818/lvgl/src/drivers/x11/lv_x11_input.c
CC /study/lv_port_linux_gec6818/lvgl/src/drivers/x11/lv_x11_display.c
CC /study/lv_port_linux_gec6818/lvgl/src/drivers/display/st7796/lv_st7796.c
CC /study/lv_port_linux_gec6818/lvgl/src/drivers/display/drm/lv_linux_drm.c
CC /study/lv_port_linux_gec6818/lvgl/src/drivers/display/fb/lv_linux_fbdev.c
CC /study/lv_port_linux_gec6818/lvgl/src/drivers/display/st7735/lv_st7735.c
CC /study/lv_port_linux_gec6818/lvgl/src/drivers/display/ili9341/lv_ili9341.c
CC /study/lv_port_linux_gec6818/lvgl/src/drivers/display/st7789/lv_st7789.c
CC /study/lv_port_linux_gec6818/lvgl/src/drivers/display/lcd/lv_lcd_generic_mipi.c
CC /study/lv_port_linux_gec6818/lvgl/src/drivers/sdl/lv_sdl_window.c
CC /study/lv_port_linux_gec6818/lvgl/src/drivers/sdl/lv_sdl_mouse.c
CC /study/lv_port_linux_gec6818/lvgl/src/drivers/sdl/lv_sdl_mousewheel.c
CC /study/lv_port_linux_gec6818/lvgl/src/drivers/sdl/lv_sdl_keyboard.c
CC /study/lv_port_linux_gec6818/lvgl/src/drivers/windows/lv_windows_input.c
CC /study/lv_port_linux_gec6818/lvgl/src/drivers/windows/lv_windows_context.c
CC /study/lv_port_linux_gec6818/lvgl/src/drivers/windows/lv_windows_display.c
CC /study/lv_port_linux_gec6818/lvgl/src/drivers/libinput/lv_xkb.c
CC /study/lv_port_linux_gec6818/lvgl/src/drivers/libinput/lv_libinput.c
CC /study/lv_port_linux_gec6818/lvgl/src/drivers/evdev/lv_evdev.c
CC /study/lv_port_linux_gec6818/lvgl/src/drivers/nuttx/lv_nuttx_image_cache.c
CC /study/lv_port_linux_gec6818/lvgl/src/drivers/nuttx/lv_nuttx_profiler.c
CC /study/lv_port_linux_gec6818/lvgl/src/drivers/nuttx/lv_nuttx_entry.c
CC /study/lv_port_linux_gec6818/lvgl/src/drivers/nuttx/lv_nuttx_cache.c
CC /study/lv_port_linux_gec6818/lvgl/src/drivers/nuttx/lv_nuttx_fbdev.c
CC /study/lv_port_linux_gec6818/lvgl/src/drivers/nuttx/lv_nuttx_lcd.c
CC /study/lv_port_linux_gec6818/lvgl/src/drivers/nuttx/lv_nuttx_touchscreen.c
CC /study/lv_port_linux_gec6818/lvgl/src/drivers/nuttx/lv_nuttx_libuv.c
CC /study/lv_port_linux_gec6818/lvgl/src/tick/lv_tick.c
CC /study/lv_port_linux_gec6818/lvgl/demos/multilang/assets/avatars/img_multilang_avatar_4.c
CC /study/lv_port_linux_gec6818/lvgl/demos/multilang/assets/avatars/img_multilang_avatar_10.c
CC /study/lv_port_linux_gec6818/lvgl/demos/multilang/assets/avatars/img_multilang_avatar_8.c
CC /study/lv_port_linux_gec6818/lvgl/demos/multilang/assets/avatars/img_multilang_avatar_25.c
CC /study/lv_port_linux_gec6818/lvgl/demos/multilang/assets/avatars/img_multilang_avatar_19.c
CC /study/lv_port_linux_gec6818/lvgl/demos/multilang/assets/avatars/img_multilang_avatar_9.c
CC /study/lv_port_linux_gec6818/lvgl/demos/multilang/assets/avatars/img_multilang_avatar_16.c
CC /study/lv_port_linux_gec6818/lvgl/demos/multilang/assets/avatars/img_multilang_avatar_11.c
CC /study/lv_port_linux_gec6818/lvgl/demos/multilang/assets/avatars/img_multilang_avatar_3.c
CC /study/lv_port_linux_gec6818/lvgl/demos/multilang/assets/avatars/img_multilang_avatar_14.c
CC /study/lv_port_linux_gec6818/lvgl/demos/multilang/assets/avatars/img_multilang_avatar_6.c
CC /study/lv_port_linux_gec6818/lvgl/demos/multilang/assets/avatars/img_multilang_avatar_5.c
CC /study/lv_port_linux_gec6818/lvgl/demos/multilang/assets/avatars/img_multilang_avatar_1.c
CC /study/lv_port_linux_gec6818/lvgl/demos/multilang/assets/avatars/img_multilang_avatar_22.c
CC /study/lv_port_linux_gec6818/lvgl/demos/multilang/assets/avatars/img_multilang_avatar_12.c
CC /study/lv_port_linux_gec6818/lvgl/demos/multilang/assets/avatars/img_multilang_avatar_13.c
CC /study/lv_port_linux_gec6818/lvgl/demos/multilang/assets/avatars/img_multilang_avatar_2.c
CC /study/lv_port_linux_gec6818/lvgl/demos/multilang/assets/avatars/img_multilang_avatar_17.c
CC /study/lv_port_linux_gec6818/lvgl/demos/multilang/assets/avatars/img_multilang_avatar_15.c
CC /study/lv_port_linux_gec6818/lvgl/demos/multilang/assets/avatars/img_multilang_avatar_7.c
CC /study/lv_port_linux_gec6818/lvgl/demos/multilang/assets/avatars/img_multilang_avatar_18.c
CC /study/lv_port_linux_gec6818/lvgl/demos/multilang/assets/img_multilang_like.c
CC /study/lv_port_linux_gec6818/lvgl/demos/multilang/assets/emojis/img_emoji_earth_globe_europe_africa.c
CC /study/lv_port_linux_gec6818/lvgl/demos/multilang/assets/emojis/img_emoji_artist_palette.c
CC /study/lv_port_linux_gec6818/lvgl/demos/multilang/assets/emojis/img_emoji_dog_face.c
CC /study/lv_port_linux_gec6818/lvgl/demos/multilang/assets/emojis/img_emoji_soccer_ball.c
CC /study/lv_port_linux_gec6818/lvgl/demos/multilang/assets/emojis/img_emoji_camera_with_flash.c
CC /study/lv_port_linux_gec6818/lvgl/demos/multilang/assets/emojis/img_emoji_movie_camera.c
CC /study/lv_port_linux_gec6818/lvgl/demos/multilang/assets/emojis/img_emoji_deciduous_tree.c
CC /study/lv_port_linux_gec6818/lvgl/demos/multilang/assets/emojis/img_emoji_red_heart.c
CC /study/lv_port_linux_gec6818/lvgl/demos/multilang/assets/emojis/img_emoji_flexed_biceps.c
CC /study/lv_port_linux_gec6818/lvgl/demos/multilang/assets/emojis/img_emoji_cat_face.c
CC /study/lv_port_linux_gec6818/lvgl/demos/multilang/assets/emojis/img_emoji_rocket.c
CC /study/lv_port_linux_gec6818/lvgl/demos/multilang/assets/emojis/img_emoji_books.c
CC /study/lv_port_linux_gec6818/lvgl/demos/multilang/assets/fonts/font_multilang_small.c
CC /study/lv_port_linux_gec6818/lvgl/demos/multilang/assets/fonts/font_multilang_large.c
CC /study/lv_port_linux_gec6818/lvgl/demos/multilang/lv_demo_multilang.c
CC /study/lv_port_linux_gec6818/lvgl/demos/keypad_encoder/lv_demo_keypad_encoder.c
CC /study/lv_port_linux_gec6818/lvgl/demos/stress/lv_demo_stress.c
CC /study/lv_port_linux_gec6818/lvgl/demos/render/assets/img_render_lvgl_logo_xrgb8888.c
CC /study/lv_port_linux_gec6818/lvgl/demos/render/assets/img_render_lvgl_logo_argb8888.c
CC /study/lv_port_linux_gec6818/lvgl/demos/render/assets/img_render_lvgl_logo_rgb888.c
CC /study/lv_port_linux_gec6818/lvgl/demos/render/assets/img_render_lvgl_logo_rgb565.c
CC /study/lv_port_linux_gec6818/lvgl/demos/render/assets/img_render_arc_bg.c
CC /study/lv_port_linux_gec6818/lvgl/demos/render/lv_demo_render.c
CC /study/lv_port_linux_gec6818/lvgl/demos/transform/assets/img_transform_avatar_15.c
CC /study/lv_port_linux_gec6818/lvgl/demos/transform/lv_demo_transform.c
CC /study/lv_port_linux_gec6818/lvgl/demos/vector_graphic/assets/img_demo_vector_avatar.c
CC /study/lv_port_linux_gec6818/lvgl/demos/vector_graphic/lv_demo_vector_graphic.c
CC /study/lv_port_linux_gec6818/lvgl/demos/scroll/lv_demo_scroll.c
CC /study/lv_port_linux_gec6818/lvgl/demos/widgets/lv_demo_widgets.c
CC /study/lv_port_linux_gec6818/lvgl/demos/widgets/assets/img_lvgl_logo.c
CC /study/lv_port_linux_gec6818/lvgl/demos/widgets/assets/img_demo_widgets_needle.c
CC /study/lv_port_linux_gec6818/lvgl/demos/widgets/assets/img_clothes.c
CC /study/lv_port_linux_gec6818/lvgl/demos/widgets/assets/img_demo_widgets_avatar.c
CC /study/lv_port_linux_gec6818/lvgl/demos/music/assets/img_lv_demo_music_btn_play.c
CC /study/lv_port_linux_gec6818/lvgl/demos/music/assets/img_lv_demo_music_corner_right_large.c
CC /study/lv_port_linux_gec6818/lvgl/demos/music/assets/img_lv_demo_music_btn_list_play_large.c
CC /study/lv_port_linux_gec6818/lvgl/demos/music/assets/img_lv_demo_music_btn_list_pause_large.c
CC /study/lv_port_linux_gec6818/lvgl/demos/music/assets/img_lv_demo_music_wave_bottom_large.c
CC /study/lv_port_linux_gec6818/lvgl/demos/music/assets/img_lv_demo_music_icon_2_large.c
CC /study/lv_port_linux_gec6818/lvgl/demos/music/assets/img_lv_demo_music_icon_1_large.c
CC /study/lv_port_linux_gec6818/lvgl/demos/music/assets/img_lv_demo_music_btn_list_play.c
CC /study/lv_port_linux_gec6818/lvgl/demos/music/assets/img_lv_demo_music_slider_knob_large.c
CC /study/lv_port_linux_gec6818/lvgl/demos/music/assets/img_lv_demo_music_btn_rnd.c
CC /study/lv_port_linux_gec6818/lvgl/demos/music/assets/img_lv_demo_music_cover_2_large.c
CC /study/lv_port_linux_gec6818/lvgl/demos/music/assets/img_lv_demo_music_corner_left.c
CC /study/lv_port_linux_gec6818/lvgl/demos/music/assets/img_lv_demo_music_cover_2.c
CC /study/lv_port_linux_gec6818/lvgl/demos/music/assets/img_lv_demo_music_icon_2.c
CC /study/lv_port_linux_gec6818/lvgl/demos/music/assets/img_lv_demo_music_cover_3.c
CC /study/lv_port_linux_gec6818/lvgl/demos/music/assets/img_lv_demo_music_corner_left_large.c
CC /study/lv_port_linux_gec6818/lvgl/demos/music/assets/img_lv_demo_music_cover_3_large.c
CC /study/lv_port_linux_gec6818/lvgl/demos/music/assets/img_lv_demo_music_btn_pause_large.c
CC /study/lv_port_linux_gec6818/lvgl/demos/music/assets/img_lv_demo_music_btn_next_large.c
CC /study/lv_port_linux_gec6818/lvgl/demos/music/assets/img_lv_demo_music_icon_4_large.c
CC /study/lv_port_linux_gec6818/lvgl/demos/music/assets/img_lv_demo_music_cover_1_large.c
CC /study/lv_port_linux_gec6818/lvgl/demos/music/assets/img_lv_demo_music_icon_3.c
CC /study/lv_port_linux_gec6818/lvgl/demos/music/assets/img_lv_demo_music_btn_prev.c
CC /study/lv_port_linux_gec6818/lvgl/demos/music/assets/img_lv_demo_music_btn_prev_large.c
CC /study/lv_port_linux_gec6818/lvgl/demos/music/assets/img_lv_demo_music_btn_corner_large.c
CC /study/lv_port_linux_gec6818/lvgl/demos/music/assets/img_lv_demo_music_btn_loop_large.c
CC /study/lv_port_linux_gec6818/lvgl/demos/music/assets/img_lv_demo_music_logo.c
CC /study/lv_port_linux_gec6818/lvgl/demos/music/assets/img_lv_demo_music_icon_1.c
CC /study/lv_port_linux_gec6818/lvgl/demos/music/assets/img_lv_demo_music_corner_right.c
CC /study/lv_port_linux_gec6818/lvgl/demos/music/assets/img_lv_demo_music_cover_1.c
CC /study/lv_port_linux_gec6818/lvgl/demos/music/assets/img_lv_demo_music_btn_list_pause.c
CC /study/lv_port_linux_gec6818/lvgl/demos/music/assets/img_lv_demo_music_icon_3_large.c
CC /study/lv_port_linux_gec6818/lvgl/demos/music/assets/img_lv_demo_music_btn_rnd_large.c
CC /study/lv_port_linux_gec6818/lvgl/demos/music/assets/img_lv_demo_music_wave_top.c
CC /study/lv_port_linux_gec6818/lvgl/demos/music/assets/img_lv_demo_music_wave_bottom.c
CC /study/lv_port_linux_gec6818/lvgl/demos/music/assets/img_lv_demo_music_slider_knob.c
CC /study/lv_port_linux_gec6818/lvgl/demos/music/assets/img_lv_demo_music_list_border_large.c
CC /study/lv_port_linux_gec6818/lvgl/demos/music/assets/img_lv_demo_music_wave_top_large.c
CC /study/lv_port_linux_gec6818/lvgl/demos/music/assets/img_lv_demo_music_icon_4.c
CC /study/lv_port_linux_gec6818/lvgl/demos/music/assets/img_lv_demo_music_btn_loop.c
CC /study/lv_port_linux_gec6818/lvgl/demos/music/assets/img_lv_demo_music_btn_play_large.c
CC /study/lv_port_linux_gec6818/lvgl/demos/music/assets/img_lv_demo_music_btn_next.c
CC /study/lv_port_linux_gec6818/lvgl/demos/music/assets/img_lv_demo_music_list_border.c
CC /study/lv_port_linux_gec6818/lvgl/demos/music/assets/img_lv_demo_music_btn_pause.c
CC /study/lv_port_linux_gec6818/lvgl/demos/music/lv_demo_music_list.c
CC /study/lv_port_linux_gec6818/lvgl/demos/music/lv_demo_music_main.c
CC /study/lv_port_linux_gec6818/lvgl/demos/music/lv_demo_music.c
CC /study/lv_port_linux_gec6818/lvgl/demos/flex_layout/lv_demo_flex_layout_view_child_node.c
CC /study/lv_port_linux_gec6818/lvgl/demos/flex_layout/lv_demo_flex_layout_view_ctrl_pad.c
CC /study/lv_port_linux_gec6818/lvgl/demos/flex_layout/lv_demo_flex_layout_ctrl_pad.c
CC /study/lv_port_linux_gec6818/lvgl/demos/flex_layout/lv_demo_flex_layout_view.c
CC /study/lv_port_linux_gec6818/lvgl/demos/flex_layout/lv_demo_flex_layout_flex_loader.c
CC /study/lv_port_linux_gec6818/lvgl/demos/flex_layout/lv_demo_flex_layout_main.c
CC /study/lv_port_linux_gec6818/lvgl/demos/benchmark/assets/img_benchmark_cogwheel_indexed16.c
CC /study/lv_port_linux_gec6818/lvgl/demos/benchmark/assets/lv_font_benchmark_montserrat_16_compr_az.c.c
CC /study/lv_port_linux_gec6818/lvgl/demos/benchmark/assets/img_benchmark_cogwheel_argb.c
CC /study/lv_port_linux_gec6818/lvgl/demos/benchmark/assets/lv_font_benchmark_montserrat_12_compr_az.c.c
CC /study/lv_port_linux_gec6818/lvgl/demos/benchmark/assets/lv_font_benchmark_montserrat_28_compr_az.c.c
CC /study/lv_port_linux_gec6818/lvgl/demos/benchmark/assets/img_benchmark_cogwheel_rgb.c
CC /study/lv_port_linux_gec6818/lvgl/demos/benchmark/assets/img_benchmark_cogwheel_alpha256.c
CC /study/lv_port_linux_gec6818/lvgl/demos/benchmark/lv_demo_benchmark.c
CC /study/lv_port_linux_gec6818/lvgl/demos/lv_demos.c
CC /study/lv_port_linux_gec6818/lvgl/examples/assets/img_skew_strip.c
CC /study/lv_port_linux_gec6818/lvgl/examples/assets/animimg002.c
CC /study/lv_port_linux_gec6818/lvgl/examples/assets/emoji/img_emoji_F617.c
CC /study/lv_port_linux_gec6818/lvgl/examples/assets/img_cogwheel_rgb.c
CC /study/lv_port_linux_gec6818/lvgl/examples/assets/img_star.c
CC /study/lv_port_linux_gec6818/lvgl/examples/assets/animimg001.c
CC /study/lv_port_linux_gec6818/lvgl/examples/assets/imgbtn_mid.c
CC /study/lv_port_linux_gec6818/lvgl/examples/assets/imgbtn_right.c
CC /study/lv_port_linux_gec6818/lvgl/examples/assets/img_cogwheel_indexed16.c
CC /study/lv_port_linux_gec6818/lvgl/examples/assets/imgbtn_left.c
CC /study/lv_port_linux_gec6818/lvgl/examples/assets/img_caret_down.c
CC /study/lv_port_linux_gec6818/lvgl/examples/assets/img_cogwheel_argb.c
CC /study/lv_port_linux_gec6818/lvgl/examples/assets/img_hand.c
CC /study/lv_port_linux_gec6818/lvgl/examples/assets/animimg003.c
CC /study/lv_port_linux_gec6818/lvgl/examples/layouts/flex/lv_example_flex_3.c
CC /study/lv_port_linux_gec6818/lvgl/examples/layouts/flex/lv_example_flex_1.c
CC /study/lv_port_linux_gec6818/lvgl/examples/layouts/flex/lv_example_flex_5.c
CC /study/lv_port_linux_gec6818/lvgl/examples/layouts/flex/lv_example_flex_6.c
CC /study/lv_port_linux_gec6818/lvgl/examples/layouts/flex/lv_example_flex_2.c
CC /study/lv_port_linux_gec6818/lvgl/examples/layouts/flex/lv_example_flex_4.c
CC /study/lv_port_linux_gec6818/lvgl/examples/layouts/grid/lv_example_grid_5.c
CC /study/lv_port_linux_gec6818/lvgl/examples/layouts/grid/lv_example_grid_3.c
CC /study/lv_port_linux_gec6818/lvgl/examples/layouts/grid/lv_example_grid_6.c
CC /study/lv_port_linux_gec6818/lvgl/examples/layouts/grid/lv_example_grid_1.c
CC /study/lv_port_linux_gec6818/lvgl/examples/layouts/grid/lv_example_grid_2.c
CC /study/lv_port_linux_gec6818/lvgl/examples/layouts/grid/lv_example_grid_4.c
CC /study/lv_port_linux_gec6818/lvgl/examples/others/snapshot/lv_example_snapshot_1.c
CC /study/lv_port_linux_gec6818/lvgl/examples/others/monkey/lv_example_monkey_3.c
CC /study/lv_port_linux_gec6818/lvgl/examples/others/monkey/lv_example_monkey_2.c
CC /study/lv_port_linux_gec6818/lvgl/examples/others/monkey/lv_example_monkey_1.c
CC /study/lv_port_linux_gec6818/lvgl/examples/others/file_explorer/lv_example_file_explorer_2.c
CC /study/lv_port_linux_gec6818/lvgl/examples/others/file_explorer/lv_example_file_explorer_1.c
CC /study/lv_port_linux_gec6818/lvgl/examples/others/file_explorer/lv_example_file_explorer_3.c
CC /study/lv_port_linux_gec6818/lvgl/examples/others/imgfont/lv_example_imgfont_1.c
CC /study/lv_port_linux_gec6818/lvgl/examples/others/ime/lv_example_ime_pinyin_1.c
CC /study/lv_port_linux_gec6818/lvgl/examples/others/ime/lv_example_ime_pinyin_2.c
CC /study/lv_port_linux_gec6818/lvgl/examples/others/gridnav/lv_example_gridnav_1.c
CC /study/lv_port_linux_gec6818/lvgl/examples/others/gridnav/lv_example_gridnav_3.c
CC /study/lv_port_linux_gec6818/lvgl/examples/others/gridnav/lv_example_gridnav_4.c
CC /study/lv_port_linux_gec6818/lvgl/examples/others/gridnav/lv_example_gridnav_2.c
CC /study/lv_port_linux_gec6818/lvgl/examples/others/fragment/lv_example_fragment_2.c
CC /study/lv_port_linux_gec6818/lvgl/examples/others/fragment/lv_example_fragment_1.c
CC /study/lv_port_linux_gec6818/lvgl/examples/others/observer/lv_example_observer_4.c
CC /study/lv_port_linux_gec6818/lvgl/examples/others/observer/lv_example_observer_5.c
CC /study/lv_port_linux_gec6818/lvgl/examples/others/observer/lv_example_observer_1.c
CC /study/lv_port_linux_gec6818/lvgl/examples/others/observer/lv_example_observer_6.c
CC /study/lv_port_linux_gec6818/lvgl/examples/others/observer/lv_example_observer_2.c
CC /study/lv_port_linux_gec6818/lvgl/examples/others/observer/lv_example_observer_7.c
CC /study/lv_port_linux_gec6818/lvgl/examples/others/observer/lv_example_observer_3.c
CC /study/lv_port_linux_gec6818/lvgl/examples/styles/lv_example_style_7.c
CC /study/lv_port_linux_gec6818/lvgl/examples/styles/lv_example_style_11.c
CC /study/lv_port_linux_gec6818/lvgl/examples/styles/lv_example_style_8.c
CC /study/lv_port_linux_gec6818/lvgl/examples/styles/lv_example_style_12.c
CC /study/lv_port_linux_gec6818/lvgl/examples/styles/lv_example_style_1.c
CC /study/lv_port_linux_gec6818/lvgl/examples/styles/lv_example_style_3.c
CC /study/lv_port_linux_gec6818/lvgl/examples/styles/lv_example_style_9.c
CC /study/lv_port_linux_gec6818/lvgl/examples/styles/lv_example_style_13.c
CC /study/lv_port_linux_gec6818/lvgl/examples/styles/lv_example_style_5.c
CC /study/lv_port_linux_gec6818/lvgl/examples/styles/lv_example_style_15.c
CC /study/lv_port_linux_gec6818/lvgl/examples/styles/lv_example_style_14.c
CC /study/lv_port_linux_gec6818/lvgl/examples/styles/lv_example_style_4.c
CC /study/lv_port_linux_gec6818/lvgl/examples/styles/lv_example_style_10.c
CC /study/lv_port_linux_gec6818/lvgl/examples/styles/lv_example_style_6.c
CC /study/lv_port_linux_gec6818/lvgl/examples/styles/lv_example_style_2.c
CC /study/lv_port_linux_gec6818/lvgl/examples/porting/lv_port_indev_template.c
CC /study/lv_port_linux_gec6818/lvgl/examples/porting/lv_port_lcd_stm32_template.c
CC /study/lv_port_linux_gec6818/lvgl/examples/porting/lv_port_disp_template.c
CC /study/lv_port_linux_gec6818/lvgl/examples/porting/lv_port_fs_template.c
CC /study/lv_port_linux_gec6818/lvgl/examples/get_started/lv_example_get_started_2.c
CC /study/lv_port_linux_gec6818/lvgl/examples/get_started/lv_example_get_started_4.c
CC /study/lv_port_linux_gec6818/lvgl/examples/get_started/lv_example_get_started_3.c
CC /study/lv_port_linux_gec6818/lvgl/examples/get_started/lv_example_get_started_1.c
CC /study/lv_port_linux_gec6818/lvgl/examples/scroll/lv_example_scroll_1.c
CC /study/lv_port_linux_gec6818/lvgl/examples/scroll/lv_example_scroll_4.c
CC /study/lv_port_linux_gec6818/lvgl/examples/scroll/lv_example_scroll_2.c
CC /study/lv_port_linux_gec6818/lvgl/examples/scroll/lv_example_scroll_6.c
CC /study/lv_port_linux_gec6818/lvgl/examples/scroll/lv_example_scroll_3.c
CC /study/lv_port_linux_gec6818/lvgl/examples/scroll/lv_example_scroll_5.c
CC /study/lv_port_linux_gec6818/lvgl/examples/widgets/image/lv_example_image_4.c
CC /study/lv_port_linux_gec6818/lvgl/examples/widgets/image/lv_example_image_3.c
CC /study/lv_port_linux_gec6818/lvgl/examples/widgets/image/lv_example_image_2.c
CC /study/lv_port_linux_gec6818/lvgl/examples/widgets/image/lv_example_image_1.c
CC /study/lv_port_linux_gec6818/lvgl/examples/widgets/roller/lv_example_roller_3.c
CC /study/lv_port_linux_gec6818/lvgl/examples/widgets/roller/lv_example_roller_2.c
CC /study/lv_port_linux_gec6818/lvgl/examples/widgets/roller/lv_example_roller_1.c
CC /study/lv_port_linux_gec6818/lvgl/examples/widgets/line/lv_example_line_1.c
CC /study/lv_port_linux_gec6818/lvgl/examples/widgets/led/lv_example_led_1.c
CC /study/lv_port_linux_gec6818/lvgl/examples/widgets/switch/lv_example_switch_1.c
CC /study/lv_port_linux_gec6818/lvgl/examples/widgets/dropdown/lv_example_dropdown_2.c
CC /study/lv_port_linux_gec6818/lvgl/examples/widgets/dropdown/lv_example_dropdown_3.c
CC /study/lv_port_linux_gec6818/lvgl/examples/widgets/dropdown/lv_example_dropdown_1.c
CC /study/lv_port_linux_gec6818/lvgl/examples/widgets/button/lv_example_button_3.c
CC /study/lv_port_linux_gec6818/lvgl/examples/widgets/button/lv_example_button_2.c
CC /study/lv_port_linux_gec6818/lvgl/examples/widgets/button/lv_example_button_1.c
CC /study/lv_port_linux_gec6818/lvgl/examples/widgets/menu/lv_example_menu_3.c
CC /study/lv_port_linux_gec6818/lvgl/examples/widgets/menu/lv_example_menu_2.c
CC /study/lv_port_linux_gec6818/lvgl/examples/widgets/menu/lv_example_menu_4.c
CC /study/lv_port_linux_gec6818/lvgl/examples/widgets/menu/lv_example_menu_1.c
CC /study/lv_port_linux_gec6818/lvgl/examples/widgets/menu/lv_example_menu_5.c
CC /study/lv_port_linux_gec6818/lvgl/examples/widgets/checkbox/lv_example_checkbox_1.c
CC /study/lv_port_linux_gec6818/lvgl/examples/widgets/checkbox/lv_example_checkbox_2.c
CC /study/lv_port_linux_gec6818/lvgl/examples/widgets/spinner/lv_example_spinner_1.c
CC /study/lv_port_linux_gec6818/lvgl/examples/widgets/animimg/lv_example_animimg_1.c
CC /study/lv_port_linux_gec6818/lvgl/examples/widgets/tabview/lv_example_tabview_1.c
CC /study/lv_port_linux_gec6818/lvgl/examples/widgets/tabview/lv_example_tabview_2.c
CC /study/lv_port_linux_gec6818/lvgl/examples/widgets/span/lv_example_span_1.c
CC /study/lv_port_linux_gec6818/lvgl/examples/widgets/slider/lv_example_slider_4.c
CC /study/lv_port_linux_gec6818/lvgl/examples/widgets/slider/lv_example_slider_1.c
CC /study/lv_port_linux_gec6818/lvgl/examples/widgets/slider/lv_example_slider_2.c
CC /study/lv_port_linux_gec6818/lvgl/examples/widgets/slider/lv_example_slider_3.c
CC /study/lv_port_linux_gec6818/lvgl/examples/widgets/bar/lv_example_bar_4.c
CC /study/lv_port_linux_gec6818/lvgl/examples/widgets/bar/lv_example_bar_3.c
CC /study/lv_port_linux_gec6818/lvgl/examples/widgets/bar/lv_example_bar_7.c
CC /study/lv_port_linux_gec6818/lvgl/examples/widgets/bar/lv_example_bar_1.c
CC /study/lv_port_linux_gec6818/lvgl/examples/widgets/bar/lv_example_bar_2.c
CC /study/lv_port_linux_gec6818/lvgl/examples/widgets/bar/lv_example_bar_6.c
CC /study/lv_port_linux_gec6818/lvgl/examples/widgets/bar/lv_example_bar_5.c
CC /study/lv_port_linux_gec6818/lvgl/examples/widgets/label/lv_example_label_3.c
CC /study/lv_port_linux_gec6818/lvgl/examples/widgets/label/lv_example_label_1.c
CC /study/lv_port_linux_gec6818/lvgl/examples/widgets/label/lv_example_label_5.c
CC /study/lv_port_linux_gec6818/lvgl/examples/widgets/label/lv_example_label_2.c
CC /study/lv_port_linux_gec6818/lvgl/examples/widgets/label/lv_example_label_4.c
CC /study/lv_port_linux_gec6818/lvgl/examples/widgets/keyboard/lv_example_keyboard_1.c
CC /study/lv_port_linux_gec6818/lvgl/examples/widgets/keyboard/lv_example_keyboard_2.c
CC /study/lv_port_linux_gec6818/lvgl/examples/widgets/chart/lv_example_chart_1.c
CC /study/lv_port_linux_gec6818/lvgl/examples/widgets/chart/lv_example_chart_4.c
CC /study/lv_port_linux_gec6818/lvgl/examples/widgets/chart/lv_example_chart_7.c
CC /study/lv_port_linux_gec6818/lvgl/examples/widgets/chart/lv_example_chart_3.c
CC /study/lv_port_linux_gec6818/lvgl/examples/widgets/chart/lv_example_chart_2.c
CC /study/lv_port_linux_gec6818/lvgl/examples/widgets/chart/lv_example_chart_6.c
CC /study/lv_port_linux_gec6818/lvgl/examples/widgets/chart/lv_example_chart_5.c
CC /study/lv_port_linux_gec6818/lvgl/examples/widgets/chart/lv_example_chart_8.c
CC /study/lv_port_linux_gec6818/lvgl/examples/widgets/canvas/lv_example_canvas_4.c
CC /study/lv_port_linux_gec6818/lvgl/examples/widgets/canvas/lv_example_canvas_7.c
CC /study/lv_port_linux_gec6818/lvgl/examples/widgets/canvas/lv_example_canvas_5.c
CC /study/lv_port_linux_gec6818/lvgl/examples/widgets/canvas/lv_example_canvas_2.c
CC /study/lv_port_linux_gec6818/lvgl/examples/widgets/canvas/lv_example_canvas_1.c
CC /study/lv_port_linux_gec6818/lvgl/examples/widgets/canvas/lv_example_canvas_3.c
CC /study/lv_port_linux_gec6818/lvgl/examples/widgets/canvas/lv_example_canvas_6.c
CC /study/lv_port_linux_gec6818/lvgl/examples/widgets/canvas/lv_example_canvas_8.c
CC /study/lv_port_linux_gec6818/lvgl/examples/widgets/calendar/lv_example_calendar_1.c
CC /study/lv_port_linux_gec6818/lvgl/examples/widgets/tileview/lv_example_tileview_1.c
CC /study/lv_port_linux_gec6818/lvgl/examples/widgets/obj/lv_example_obj_2.c
CC /study/lv_port_linux_gec6818/lvgl/examples/widgets/obj/lv_example_obj_1.c
CC /study/lv_port_linux_gec6818/lvgl/examples/widgets/table/lv_example_table_1.c
CC /study/lv_port_linux_gec6818/lvgl/examples/widgets/table/lv_example_table_2.c
CC /study/lv_port_linux_gec6818/lvgl/examples/widgets/spinbox/lv_example_spinbox_1.c
CC /study/lv_port_linux_gec6818/lvgl/examples/widgets/textarea/lv_example_textarea_1.c
CC /study/lv_port_linux_gec6818/lvgl/examples/widgets/textarea/lv_example_textarea_2.c
CC /study/lv_port_linux_gec6818/lvgl/examples/widgets/textarea/lv_example_textarea_3.c
CC /study/lv_port_linux_gec6818/lvgl/examples/widgets/imagebutton/lv_example_imagebutton_1.c
CC /study/lv_port_linux_gec6818/lvgl/examples/widgets/win/lv_example_win_1.c
CC /study/lv_port_linux_gec6818/lvgl/examples/widgets/arc/lv_example_arc_2.c
CC /study/lv_port_linux_gec6818/lvgl/examples/widgets/arc/lv_example_arc_1.c
CC /study/lv_port_linux_gec6818/lvgl/examples/widgets/buttonmatrix/lv_example_buttonmatrix_3.c
CC /study/lv_port_linux_gec6818/lvgl/examples/widgets/buttonmatrix/lv_example_buttonmatrix_1.c
CC /study/lv_port_linux_gec6818/lvgl/examples/widgets/buttonmatrix/lv_example_buttonmatrix_2.c
CC /study/lv_port_linux_gec6818/lvgl/examples/widgets/list/lv_example_list_1.c
CC /study/lv_port_linux_gec6818/lvgl/examples/widgets/list/lv_example_list_2.c
CC /study/lv_port_linux_gec6818/lvgl/examples/widgets/scale/lv_example_scale_4.c
CC /study/lv_port_linux_gec6818/lvgl/examples/widgets/scale/lv_example_scale_2.c
CC /study/lv_port_linux_gec6818/lvgl/examples/widgets/scale/lv_example_scale_5.c
CC /study/lv_port_linux_gec6818/lvgl/examples/widgets/scale/lv_example_scale_1.c
CC /study/lv_port_linux_gec6818/lvgl/examples/widgets/scale/lv_example_scale_3.c
CC /study/lv_port_linux_gec6818/lvgl/examples/widgets/msgbox/lv_example_msgbox_1.c
CC /study/lv_port_linux_gec6818/lvgl/examples/anim/lv_example_anim_3.c
CC /study/lv_port_linux_gec6818/lvgl/examples/anim/lv_example_anim_timeline_1.c
CC /study/lv_port_linux_gec6818/lvgl/examples/anim/lv_example_anim_2.c
CC /study/lv_port_linux_gec6818/lvgl/examples/anim/lv_example_anim_1.c
CC /study/lv_port_linux_gec6818/lvgl/examples/libs/bmp/lv_example_bmp_1.c
CC /study/lv_port_linux_gec6818/lvgl/examples/libs/gif/img_bulb_gif.c
CC /study/lv_port_linux_gec6818/lvgl/examples/libs/gif/lv_example_gif_1.c
CC /study/lv_port_linux_gec6818/lvgl/examples/libs/freetype/lv_example_freetype_1.c
CC /study/lv_port_linux_gec6818/lvgl/examples/libs/libpng/lv_example_libpng_1.c
CC /study/lv_port_linux_gec6818/lvgl/examples/libs/tjpgd/lv_example_tjpgd_1.c
CC /study/lv_port_linux_gec6818/lvgl/examples/libs/barcode/lv_example_barcode_1.c
CC /study/lv_port_linux_gec6818/lvgl/examples/libs/libjpeg_turbo/lv_example_libjpeg_turbo_1.c
CC /study/lv_port_linux_gec6818/lvgl/examples/libs/tiny_ttf/lv_example_tiny_ttf_2.c
CC /study/lv_port_linux_gec6818/lvgl/examples/libs/tiny_ttf/ubuntu_font.c
CC /study/lv_port_linux_gec6818/lvgl/examples/libs/tiny_ttf/lv_example_tiny_ttf_3.c
CC /study/lv_port_linux_gec6818/lvgl/examples/libs/tiny_ttf/lv_example_tiny_ttf_1.c
CC /study/lv_port_linux_gec6818/lvgl/examples/libs/ffmpeg/lv_example_ffmpeg_1.c
CC /study/lv_port_linux_gec6818/lvgl/examples/libs/ffmpeg/lv_example_ffmpeg_2.c
CC /study/lv_port_linux_gec6818/lvgl/examples/libs/lodepng/lv_example_lodepng_1.c
CC /study/lv_port_linux_gec6818/lvgl/examples/libs/lodepng/img_wink_png.c
CC /study/lv_port_linux_gec6818/lvgl/examples/libs/rlottie/lv_example_rlottie_1.c
CC /study/lv_port_linux_gec6818/lvgl/examples/libs/rlottie/lv_example_rlottie_approve.c
CC /study/lv_port_linux_gec6818/lvgl/examples/libs/rlottie/lv_example_rlottie_2.c
CC /study/lv_port_linux_gec6818/lvgl/examples/libs/qrcode/lv_example_qrcode_1.c
CC /study/lv_port_linux_gec6818/lvgl/examples/event/lv_example_event_1.c
CC /study/lv_port_linux_gec6818/lvgl/examples/event/lv_example_event_4.c
CC /study/lv_port_linux_gec6818/lvgl/examples/event/lv_example_event_3.c
CC /study/lv_port_linux_gec6818/lvgl/examples/event/lv_example_event_2.c
CC UI/ui.c
CC UI/ui_chinese_font.c
CC UI/images/ui_img_note1_png.c
CC UI/images/ui_img_user2_png.c
CC UI/images/ui_img_qrbanana_png.c
CC UI/images/ui_img_location_png.c
CC UI/images/ui_img_charing1_png.c
CC UI/images/ui_img_admin1_png.c
CC UI/images/ui_img_model3_png.c
CC UI/images/ui_img_lightning_png.c
CC UI/images/ui_img_location2_png.c
CC UI/images/ui_img_wallet_png.c
CC UI/images/ui_img_flash_png.c
CC UI/images/ui_img_user1_png.c
CC UI/images/ui_img_email_png.c
CC UI/images/ui_img_user_png.c
CC UI/images/ui_img_dot_png.c
CC UI/images/ui_img_battery_png.c
CC UI/images/ui_img_lixiang_png.c
CC UI/images/ui_img_dollar2_png.c
CC UI/images/ui_img_car2_png.c
CC UI/images/ui_img_temperature_png.c
CC UI/images/ui_img_admin_png.c
CC UI/images/ui_img_1753557361.c
CC UI/images/ui_img_car_png.c
CC UI/images/ui_img_setting_png.c
CC UI/images/ui_img_shield_png.c
CC UI/images/ui_img_1142343547.c
CC UI/images/ui_img_ranking2_png.c
CC UI/images/ui_img_clock_png.c
CC UI/images/ui_img_clock2_png.c
CC UI/images/ui_img_note2_png.c
CC UI/images/ui_img_location1_png.c
CC UI/images/ui_img_charing_png.c
CC UI/images/ui_img_phone_png.c
CC UI/components/ui_comp_hook.c
CC UI/ui_helpers.c
CC UI/screens/ui_Screen4.c
CC UI/screens/ui_Screen1.c
CC UI/screens/ui_Screen2.c
CC UI/screens/ui_Screen3.c
CC UI/screens/ui_Screen5.c
CC UI/ui_themes.c
CC UI/ui_theme_manager.c
CC mouse_cursor_icon.c
CC main.c
cc -o ./build/bin/main ./build/obj//study/lv_port_linux_gec6818/lvgl/src/draw/sw/blend/neon/lv_blend_neon.o ./build/obj//study/lv_port_linux_gec6818/lvgl/src/draw/sw/blend/helium/lv_blend_helium.o ./build/obj//study/lv_port_linux_gec6818/lvgl/src/layouts/lv_layout.o ./build/obj//study/lv_port_linux_gec6818/lvgl/src/layouts/flex/lv_flex.o ./build/obj//study/lv_port_linux_gec6818/lvgl/src/layouts/grid/lv_grid.o ./build/obj//study/lv_port_linux_gec6818/lvgl/src/others/vg_lite_tvg/vg_lite_matrix.o ./build/obj//study/lv_port_linux_gec6818/lvgl/src/others/snapshot/lv_snapshot.o ./build/obj//study/lv_port_linux_gec6818/lvgl/src/others/monkey/lv_monkey.o ./build/obj//study/lv_port_linux_gec6818/lvgl/src/others/file_explorer/lv_file_explorer.o ./build/obj//study/lv_port_linux_gec6818/lvgl/src/others/imgfont/lv_imgfont.o ./build/obj//study/lv_port_linux_gec6818/lvgl/src/others/ime/lv_ime_pinyin.o ./build/obj//study/lv_port_linux_gec6818/lvgl/src/others/sysmon/lv_sysmon.o ./build/obj//study/lv_port_linux_gec6818/lvgl/src/others/gridnav/lv_gridnav.o ./build/obj//study/lv_port_linux_gec6818/lvgl/src/others/fragment/lv_fragment_manager.o ./build/obj//study/lv_port_linux_gec6818/lvgl/src/others/fragment/lv_fragment.o ./build/obj//study/lv_port_linux_gec6818/lvgl/src/others/observer/lv_observer.o ./build/obj//study/lv_port_linux_gec6818/lvgl/src/osal/lv_rtthread.o ./build/obj//study/lv_port_linux_gec6818/lvgl/src/osal/lv_freertos.o ./build/obj//study/lv_port_linux_gec6818/lvgl/src/osal/lv_cmsis_rtos2.o ./build/obj//study/lv_port_linux_gec6818/lvgl/src/osal/lv_os_none.o ./build/obj//study/lv_port_linux_gec6818/lvgl/src/osal/lv_pthread.o ./build/obj//study/lv_port_linux_gec6818/lvgl/src/osal/lv_windows.o ./build/obj//study/lv_port_linux_gec6818/lvgl/src/indev/lv_indev_scroll.o ./build/obj//study/lv_port_linux_gec6818/lvgl/src/indev/lv_indev.o ./build/obj//study/lv_port_linux_gec6818/lvgl/src/font/lv_font_montserrat_24.o ./build/obj//study/lv_port_linux_gec6818/lvgl/src/font/lv_font_montserrat_38.o ./build/obj//study/lv_port_linux_gec6818/lvgl/src/font/lv_font_montserrat_16.o ./build/obj//study/lv_port_linux_gec6818/lvgl/src/font/lv_font_unscii_16.o ./build/obj//study/lv_port_linux_gec6818/lvgl/src/font/lv_font_montserrat_44.o ./build/obj//study/lv_port_linux_gec6818/lvgl/src/font/lv_font_montserrat_8.o ./build/obj//study/lv_port_linux_gec6818/lvgl/src/font/lv_font_montserrat_10.o ./build/obj//study/lv_port_linux_gec6818/lvgl/src/font/lv_binfont_loader.o ./build/obj//study/lv_port_linux_gec6818/lvgl/src/font/lv_font_montserrat_42.o ./build/obj//study/lv_port_linux_gec6818/lvgl/src/font/lv_font_montserrat_28.o ./build/obj//study/lv_port_linux_gec6818/lvgl/src/font/lv_font_montserrat_40.o ./build/obj//study/lv_port_linux_gec6818/lvgl/src/font/lv_font_montserrat_30.o ./build/obj//study/lv_port_linux_gec6818/lvgl/src/font/lv_font_simsun_16_cjk.o ./build/obj//study/lv_port_linux_gec6818/lvgl/src/font/lv_font_montserrat_18.o ./build/obj//study/lv_port_linux_gec6818/lvgl/src/font/lv_font_montserrat_14.o ./build/obj//study/lv_port_linux_gec6818/lvgl/src/font/lv_font.o ./build/obj//study/lv_port_linux_gec6818/lvgl/src/font/lv_font_montserrat_28_compressed.o ./build/obj//study/lv_port_linux_gec6818/lvgl/src/font/lv_font_montserrat_36.o ./build/obj//study/lv_port_linux_gec6818/lvgl/src/font/lv_font_montserrat_20.o ./build/obj//study/lv_port_linux_gec6818/lvgl/src/font/lv_font_montserrat_32.o ./build/obj//study/lv_port_linux_gec6818/lvgl/src/font/lv_font_montserrat_34.o ./build/obj//study/lv_port_linux_gec6818/lvgl/src/font/lv_font_montserrat_22.o ./build/obj//study/lv_port_linux_gec6818/lvgl/src/font/lv_font_fmt_txt.o ./build/obj//study/lv_port_linux_gec6818/lvgl/src/font/lv_font_montserrat_12.o ./build/obj//study/lv_port_linux_gec6818/lvgl/src/font/lv_font_montserrat_46.o ./build/obj//study/lv_port_linux_gec6818/lvgl/src/font/lv_font_dejavu_16_persian_hebrew.o ./build/obj//study/lv_port_linux_gec6818/lvgl/src/font/lv_font_unscii_8.o ./build/obj//study/lv_port_linux_gec6818/lvgl/src/font/lv_font_montserrat_26.o ./build/obj//study/lv_port_linux_gec6818/lvgl/src/font/lv_font_montserrat_48.o ./build/obj//study/lv_port_linux_gec6818/lvgl/src/stdlib/clib/lv_sprintf_clib.o ./build/obj//study/lv_port_linux_gec6818/lvgl/src/stdlib/clib/lv_string_clib.o ./build/obj//study/lv_port_linux_gec6818/lvgl/src/stdlib/clib/lv_mem_core_clib.o ./build/obj//study/lv_port_linux_gec6818/lvgl/src/stdlib/rtthread/lv_string_rtthread.o ./build/obj//study/lv_port_linux_gec6818/lvgl/src/stdlib/rtthread/lv_mem_core_rtthread.o ./build/obj//study/lv_port_linux_gec6818/lvgl/src/stdlib/rtthread/lv_sprintf_rtthread.o ./build/obj//study/lv_port_linux_gec6818/lvgl/src/stdlib/lv_mem.o ./build/obj//study/lv_port_linux_gec6818/lvgl/src/stdlib/micropython/lv_mem_core_micropython.o ./build/obj//study/lv_port_linux_gec6818/lvgl/src/stdlib/builtin/lv_string_builtin.o ./build/obj//study/lv_port_linux_gec6818/lvgl/src/stdlib/builtin/lv_sprintf_builtin.o ./build/obj//study/lv_port_linux_gec6818/lvgl/src/stdlib/builtin/lv_mem_core_builtin.o ./build/obj//study/lv_port_linux_gec6818/lvgl/src/stdlib/builtin/lv_tlsf.o ./build/obj//study/lv_port_linux_gec6818/lvgl/src/core/lv_obj_pos.o ./build/obj//study/lv_port_linux_gec6818/lvgl/src/core/lv_obj.o ./build/obj//study/lv_port_linux_gec6818/lvgl/src/core/lv_obj_scroll.o ./build/obj//study/lv_port_linux_gec6818/lvgl/src/core/lv_obj_id_builtin.o ./build/obj//study/lv_port_linux_gec6818/lvgl/src/core/lv_obj_class.o ./build/obj//study/lv_port_linux_gec6818/lvgl/src/core/lv_obj_style_gen.o ./build/obj//study/lv_port_linux_gec6818/lvgl/src/core/lv_obj_property.o ./build/obj//study/lv_port_linux_gec6818/lvgl/src/core/lv_obj_style.o ./build/obj//study/lv_port_linux_gec6818/lvgl/src/core/lv_obj_event.o ./build/obj//study/lv_port_linux_gec6818/lvgl/src/core/lv_obj_draw.o ./build/obj//study/lv_port_linux_gec6818/lvgl/src/core/lv_refr.o ./build/obj//study/lv_port_linux_gec6818/lvgl/src/core/lv_group.o ./build/obj//study/lv_port_linux_gec6818/lvgl/src/core/lv_obj_tree.o ./build/obj//study/lv_port_linux_gec6818/lvgl/src/misc/lv_array.o ./build/obj//study/lv_port_linux_gec6818/lvgl/src/misc/lv_text_ap.o ./build/obj//study/lv_port_linux_gec6818/lvgl/src/misc/lv_fs.o ./build/obj//study/lv_port_linux_gec6818/lvgl/src/misc/lv_rb.o ./build/obj//study/lv_port_linux_gec6818/lvgl/src/misc/lv_ll.o ./build/obj//study/lv_port_linux_gec6818/lvgl/src/misc/lv_event.o ./build/obj//study/lv_port_linux_gec6818/lvgl/src/misc/lv_area.o ./build/obj//study/lv_port_linux_gec6818/lvgl/src/misc/lv_color.o ./build/obj//study/lv_port_linux_gec6818/lvgl/src/misc/lv_anim.o ./build/obj//study/lv_port_linux_gec6818/lvgl/src/misc/lv_utils.o ./build/obj//study/lv_port_linux_gec6818/lvgl/src/misc/lv_text.o ./build/obj//study/lv_port_linux_gec6818/lvgl/src/misc/lv_anim_timeline.o ./build/obj//study/lv_port_linux_gec6818/lvgl/src/misc/lv_log.o ./build/obj//study/lv_port_linux_gec6818/lvgl/src/misc/lv_templ.o ./build/obj//study/lv_port_linux_gec6818/lvgl/src/misc/lv_color_op.o ./build/obj//study/lv_port_linux_gec6818/lvgl/src/misc/lv_style_gen.o ./build/obj//study/lv_port_linux_gec6818/lvgl/src/misc/lv_async.o ./build/obj//study/lv_port_linux_gec6818/lvgl/src/misc/cache/_lv_cache_lru_rb.o ./build/obj//study/lv_port_linux_gec6818/lvgl/src/misc/cache/lv_cache.o ./build/obj//study/lv_port_linux_gec6818/lvgl/src/misc/cache/lv_image_cache.o ./build/obj//study/lv_port_linux_gec6818/lvgl/src/misc/cache/lv_cache_entry.o ./build/obj//study/lv_port_linux_gec6818/lvgl/src/misc/lv_style.o ./build/obj//study/lv_port_linux_gec6818/lvgl/src/misc/lv_palette.o ./build/obj//study/lv_port_linux_gec6818/lvgl/src/misc/lv_bidi.o ./build/obj//study/lv_port_linux_gec6818/lvgl/src/misc/lv_math.o ./build/obj//study/lv_port_linux_gec6818/lvgl/src/misc/lv_lru.o ./build/obj//study/lv_port_linux_gec6818/lvgl/src/misc/lv_profiler_builtin.o ./build/obj//study/lv_port_linux_gec6818/lvgl/src/misc/lv_timer.o ./build/obj//study/lv_port_linux_gec6818/lvgl/src/display/lv_display.o ./build/obj//study/lv_port_linux_gec6818/lvgl/src/widgets/image/lv_image.o ./build/obj//study/lv_port_linux_gec6818/lvgl/src/widgets/roller/lv_roller.o ./build/obj//study/lv_port_linux_gec6818/lvgl/src/widgets/line/lv_line.o ./build/obj//study/lv_port_linux_gec6818/lvgl/src/widgets/led/lv_led.o ./build/obj//study/lv_port_linux_gec6818/lvgl/src/widgets/switch/lv_switch.o ./build/obj//study/lv_port_linux_gec6818/lvgl/src/widgets/animimage/lv_animimage.o ./build/obj//study/lv_port_linux_gec6818/lvgl/src/widgets/dropdown/lv_dropdown.o ./build/obj//study/lv_port_linux_gec6818/lvgl/src/widgets/button/lv_button.o ./build/obj//study/lv_port_linux_gec6818/lvgl/src/widgets/menu/lv_menu.o ./build/obj//study/lv_port_linux_gec6818/lvgl/src/widgets/checkbox/lv_checkbox.o ./build/obj//study/lv_port_linux_gec6818/lvgl/src/widgets/spinner/lv_spinner.o ./build/obj//study/lv_port_linux_gec6818/lvgl/src/widgets/tabview/lv_tabview.o ./build/obj//study/lv_port_linux_gec6818/lvgl/src/widgets/span/lv_span.o ./build/obj//study/lv_port_linux_gec6818/lvgl/src/widgets/slider/lv_slider.o ./build/obj//study/lv_port_linux_gec6818/lvgl/src/widgets/bar/lv_bar.o ./build/obj//study/lv_port_linux_gec6818/lvgl/src/widgets/label/lv_label.o ./build/obj//study/lv_port_linux_gec6818/lvgl/src/widgets/keyboard/lv_keyboard.o ./build/obj//study/lv_port_linux_gec6818/lvgl/src/widgets/objx_templ/lv_objx_templ.o ./build/obj//study/lv_port_linux_gec6818/lvgl/src/widgets/chart/lv_chart.o ./build/obj//study/lv_port_linux_gec6818/lvgl/src/widgets/canvas/lv_canvas.o ./build/obj//study/lv_port_linux_gec6818/lvgl/src/widgets/calendar/lv_calendar.o ./build/obj//study/lv_port_linux_gec6818/lvgl/src/widgets/calendar/lv_calendar_header_dropdown.o ./build/obj//study/lv_port_linux_gec6818/lvgl/src/widgets/calendar/lv_calendar_header_arrow.o ./build/obj//study/lv_port_linux_gec6818/lvgl/src/widgets/tileview/lv_tileview.o ./build/obj//study/lv_port_linux_gec6818/lvgl/src/widgets/table/lv_table.o ./build/obj//study/lv_port_linux_gec6818/lvgl/src/widgets/spinbox/lv_spinbox.o ./build/obj//study/lv_port_linux_gec6818/lvgl/src/widgets/textarea/lv_textarea.o ./build/obj//study/lv_port_linux_gec6818/lvgl/src/widgets/imagebutton/lv_imagebutton.o ./build/obj//study/lv_port_linux_gec6818/lvgl/src/widgets/win/lv_win.o ./build/obj//study/lv_port_linux_gec6818/lvgl/src/widgets/arc/lv_arc.o ./build/obj//study/lv_port_linux_gec6818/lvgl/src/widgets/buttonmatrix/lv_buttonmatrix.o ./build/obj//study/lv_port_linux_gec6818/lvgl/src/widgets/list/lv_list.o ./build/obj//study/lv_port_linux_gec6818/lvgl/src/widgets/scale/lv_scale.o ./build/obj//study/lv_port_linux_gec6818/lvgl/src/widgets/msgbox/lv_msgbox.o ./build/obj//study/lv_port_linux_gec6818/lvgl/src/themes/default/lv_theme_default.o ./build/obj//study/lv_port_linux_gec6818/lvgl/src/themes/lv_theme.o ./build/obj//study/lv_port_linux_gec6818/lvgl/src/themes/simple/lv_theme_simple.o ./build/obj//study/lv_port_linux_gec6818/lvgl/src/themes/mono/lv_theme_mono.o ./build/obj//study/lv_port_linux_gec6818/lvgl/src/libs/rle/lv_rle.o ./build/obj//study/lv_port_linux_gec6818/lvgl/src/libs/lz4/lz4.o ./build/obj//study/lv_port_linux_gec6818/lvgl/src/libs/bmp/lv_bmp.o ./build/obj//study/lv_port_linux_gec6818/lvgl/src/libs/gif/lv_gif.o ./build/obj//study/lv_port_linux_gec6818/lvgl/src/libs/gif/gifdec.o ./build/obj//study/lv_port_linux_gec6818/lvgl/src/libs/freetype/lv_freetype_outline.o ./build/obj//study/lv_port_linux_gec6818/lvgl/src/libs/freetype/lv_ftsystem.o ./build/obj//study/lv_port_linux_gec6818/lvgl/src/libs/freetype/lv_freetype_image.o ./build/obj//study/lv_port_linux_gec6818/lvgl/src/libs/freetype/lv_freetype.o ./build/obj//study/lv_port_linux_gec6818/lvgl/src/libs/freetype/lv_freetype_glyph.o ./build/obj//study/lv_port_linux_gec6818/lvgl/src/libs/libpng/lv_libpng.o ./build/obj//study/lv_port_linux_gec6818/lvgl/src/libs/tjpgd/tjpgd.o ./build/obj//study/lv_port_linux_gec6818/lvgl/src/libs/tjpgd/lv_tjpgd.o ./build/obj//study/lv_port_linux_gec6818/lvgl/src/libs/barcode/lv_barcode.o ./build/obj//study/lv_port_linux_gec6818/lvgl/src/libs/barcode/code128.o ./build/obj//study/lv_port_linux_gec6818/lvgl/src/libs/libjpeg_turbo/lv_libjpeg_turbo.o ./build/obj//study/lv_port_linux_gec6818/lvgl/src/libs/bin_decoder/lv_bin_decoder.o ./build/obj//study/lv_port_linux_gec6818/lvgl/src/libs/fsdrv/lv_fs_memfs.o ./build/obj//study/lv_port_linux_gec6818/lvgl/src/libs/fsdrv/lv_fs_posix.o ./build/obj//study/lv_port_linux_gec6818/lvgl/src/libs/fsdrv/lv_fs_fatfs.o ./build/obj//study/lv_port_linux_gec6818/lvgl/src/libs/fsdrv/lv_fs_littlefs.o ./build/obj//study/lv_port_linux_gec6818/lvgl/src/libs/fsdrv/lv_fs_win32.o ./build/obj//study/lv_port_linux_gec6818/lvgl/src/libs/fsdrv/lv_fs_stdio.o ./build/obj//study/lv_port_linux_gec6818/lvgl/src/libs/fsdrv/lv_fs_cbfs.o ./build/obj//study/lv_port_linux_gec6818/lvgl/src/libs/tiny_ttf/lv_tiny_ttf.o ./build/obj//study/lv_port_linux_gec6818/lvgl/src/libs/ffmpeg/lv_ffmpeg.o ./build/obj//study/lv_port_linux_gec6818/lvgl/src/libs/lodepng/lodepng.o ./build/obj//study/lv_port_linux_gec6818/lvgl/src/libs/lodepng/lv_lodepng.o ./build/obj//study/lv_port_linux_gec6818/lvgl/src/libs/rlottie/lv_rlottie.o ./build/obj//study/lv_port_linux_gec6818/lvgl/src/libs/qrcode/qrcodegen.o ./build/obj//study/lv_port_linux_gec6818/lvgl/src/libs/qrcode/lv_qrcode.o ./build/obj//study/lv_port_linux_gec6818/lvgl/src/draw/lv_draw.o ./build/obj//study/lv_port_linux_gec6818/lvgl/src/draw/lv_draw_image.o ./build/obj//study/lv_port_linux_gec6818/lvgl/src/draw/lv_draw_arc.o ./build/obj//study/lv_port_linux_gec6818/lvgl/src/draw/renesas/dave2d/lv_draw_dave2d_arc.o ./build/obj//study/lv_port_linux_gec6818/lvgl/src/draw/renesas/dave2d/lv_draw_dave2d_triangle.o ./build/obj//study/lv_port_linux_gec6818/lvgl/src/draw/renesas/dave2d/lv_draw_dave2d_line.o ./build/obj//study/lv_port_linux_gec6818/lvgl/src/draw/renesas/dave2d/lv_draw_dave2d_border.o ./build/obj//study/lv_port_linux_gec6818/lvgl/src/draw/renesas/dave2d/lv_draw_dave2d.o ./build/obj//study/lv_port_linux_gec6818/lvgl/src/draw/renesas/dave2d/lv_draw_dave2d_label.o ./build/obj//study/lv_port_linux_gec6818/lvgl/src/draw/renesas/dave2d/lv_draw_dave2d_image.o ./build/obj//study/lv_port_linux_gec6818/lvgl/src/draw/renesas/dave2d/lv_draw_dave2d_fill.o ./build/obj//study/lv_port_linux_gec6818/lvgl/src/draw/renesas/dave2d/lv_draw_dave2d_mask_rectangle.o ./build/obj//study/lv_port_linux_gec6818/lvgl/src/draw/renesas/dave2d/lv_draw_dave2d_utils.o ./build/obj//study/lv_port_linux_gec6818/lvgl/src/draw/lv_draw_buf.o ./build/obj//study/lv_port_linux_gec6818/lvgl/src/draw/lv_draw_line.o ./build/obj//study/lv_port_linux_gec6818/lvgl/src/draw/lv_draw_rect.o ./build/obj//study/lv_port_linux_gec6818/lvgl/src/draw/lv_draw_triangle.o ./build/obj//study/lv_port_linux_gec6818/lvgl/src/draw/lv_draw_mask.o ./build/obj//study/lv_port_linux_gec6818/lvgl/src/draw/lv_draw_vector.o ./build/obj//study/lv_port_linux_gec6818/lvgl/src/draw/nxp/pxp/lv_draw_buf_pxp.o ./build/obj//study/lv_port_linux_gec6818/lvgl/src/draw/nxp/pxp/lv_pxp_utils.o ./build/obj//study/lv_port_linux_gec6818/lvgl/src/draw/nxp/pxp/lv_draw_pxp.o ./build/obj//study/lv_port_linux_gec6818/lvgl/src/draw/nxp/pxp/lv_pxp_osa.o ./build/obj//study/lv_port_linux_gec6818/lvgl/src/draw/nxp/pxp/lv_draw_pxp_layer.o ./build/obj//study/lv_port_linux_gec6818/lvgl/src/draw/nxp/pxp/lv_pxp_cfg.o ./build/obj//study/lv_port_linux_gec6818/lvgl/src/draw/nxp/pxp/lv_draw_pxp_fill.o ./build/obj//study/lv_port_linux_gec6818/lvgl/src/draw/nxp/pxp/lv_draw_pxp_img.o ./build/obj//study/lv_port_linux_gec6818/lvgl/src/draw/nxp/vglite/lv_draw_vglite_label.o ./build/obj//study/lv_port_linux_gec6818/lvgl/src/draw/nxp/vglite/lv_draw_vglite_img.o ./build/obj//study/lv_port_linux_gec6818/lvgl/src/draw/nxp/vglite/lv_draw_vglite_line.o ./build/obj//study/lv_port_linux_gec6818/lvgl/src/draw/nxp/vglite/lv_vglite_buf.o ./build/obj//study/lv_port_linux_gec6818/lvgl/src/draw/nxp/vglite/lv_draw_vglite_fill.o ./build/obj//study/lv_port_linux_gec6818/lvgl/src/draw/nxp/vglite/lv_draw_buf_vglite.o ./build/obj//study/lv_port_linux_gec6818/lvgl/src/draw/nxp/vglite/lv_draw_vglite_border.o ./build/obj//study/lv_port_linux_gec6818/lvgl/src/draw/nxp/vglite/lv_draw_vglite_triangle.o ./build/obj//study/lv_port_linux_gec6818/lvgl/src/draw/nxp/vglite/lv_vglite_path.o ./build/obj//study/lv_port_linux_gec6818/lvgl/src/draw/nxp/vglite/lv_vglite_utils.o ./build/obj//study/lv_port_linux_gec6818/lvgl/src/draw/nxp/vglite/lv_draw_vglite_layer.o ./build/obj//study/lv_port_linux_gec6818/lvgl/src/draw/nxp/vglite/lv_vglite_matrix.o ./build/obj//study/lv_port_linux_gec6818/lvgl/src/draw/nxp/vglite/lv_draw_vglite.o ./build/obj//study/lv_port_linux_gec6818/lvgl/src/draw/nxp/vglite/lv_draw_vglite_arc.o ./build/obj//study/lv_port_linux_gec6818/lvgl/src/draw/sdl/lv_draw_sdl.o ./build/obj//study/lv_port_linux_gec6818/lvgl/src/draw/sw/lv_draw_sw_letter.o ./build/obj//study/lv_port_linux_gec6818/lvgl/src/draw/sw/lv_draw_sw_triangle.o ./build/obj//study/lv_port_linux_gec6818/lvgl/src/draw/sw/lv_draw_sw_border.o ./build/obj//study/lv_port_linux_gec6818/lvgl/src/draw/sw/lv_draw_sw_transform.o ./build/obj//study/lv_port_linux_gec6818/lvgl/src/draw/sw/lv_draw_sw_vector.o ./build/obj//study/lv_port_linux_gec6818/lvgl/src/draw/sw/lv_draw_sw_fill.o ./build/obj//study/lv_port_linux_gec6818/lvgl/src/draw/sw/lv_draw_sw_mask_rect.o ./build/obj//study/lv_port_linux_gec6818/lvgl/src/draw/sw/lv_draw_sw_line.o ./build/obj//study/lv_port_linux_gec6818/lvgl/src/draw/sw/lv_draw_sw_mask.o ./build/obj//study/lv_port_linux_gec6818/lvgl/src/draw/sw/blend/lv_draw_sw_blend.o ./build/obj//study/lv_port_linux_gec6818/lvgl/src/draw/sw/blend/lv_draw_sw_blend_to_rgb888.o ./build/obj//study/lv_port_linux_gec6818/lvgl/src/draw/sw/blend/lv_draw_sw_blend_to_rgb565.o ./build/obj//study/lv_port_linux_gec6818/lvgl/src/draw/sw/blend/lv_draw_sw_blend_to_argb8888.o ./build/obj//study/lv_port_linux_gec6818/lvgl/src/draw/sw/lv_draw_sw_box_shadow.o ./build/obj//study/lv_port_linux_gec6818/lvgl/src/draw/sw/lv_draw_sw_arc.o ./build/obj//study/lv_port_linux_gec6818/lvgl/src/draw/sw/lv_draw_sw.o ./build/obj//study/lv_port_linux_gec6818/lvgl/src/draw/sw/lv_draw_sw_img.o ./build/obj//study/lv_port_linux_gec6818/lvgl/src/draw/sw/lv_draw_sw_gradient.o ./build/obj//study/lv_port_linux_gec6818/lvgl/src/draw/lv_draw_label.o ./build/obj//study/lv_port_linux_gec6818/lvgl/src/draw/vg_lite/lv_draw_vg_lite_border.o ./build/obj//study/lv_port_linux_gec6818/lvgl/src/draw/vg_lite/lv_draw_vg_lite_mask_rect.o ./build/obj//study/lv_port_linux_gec6818/lvgl/src/draw/vg_lite/lv_draw_vg_lite_fill.o ./build/obj//study/lv_port_linux_gec6818/lvgl/src/draw/vg_lite/lv_draw_vg_lite_layer.o ./build/obj//study/lv_port_linux_gec6818/lvgl/src/draw/vg_lite/lv_draw_vg_lite_vector.o ./build/obj//study/lv_port_linux_gec6818/lvgl/src/draw/vg_lite/lv_draw_vg_lite_line.o ./build/obj//study/lv_port_linux_gec6818/lvgl/src/draw/vg_lite/lv_vg_lite_path.o ./build/obj//study/lv_port_linux_gec6818/lvgl/src/draw/vg_lite/lv_vg_lite_decoder.o ./build/obj//study/lv_port_linux_gec6818/lvgl/src/draw/vg_lite/lv_vg_lite_grad.o ./build/obj//study/lv_port_linux_gec6818/lvgl/src/draw/vg_lite/lv_draw_vg_lite.o ./build/obj//study/lv_port_linux_gec6818/lvgl/src/draw/vg_lite/lv_draw_vg_lite_label.o ./build/obj//study/lv_port_linux_gec6818/lvgl/src/draw/vg_lite/lv_vg_lite_math.o ./build/obj//study/lv_port_linux_gec6818/lvgl/src/draw/vg_lite/lv_draw_vg_lite_img.o ./build/obj//study/lv_port_linux_gec6818/lvgl/src/draw/vg_lite/lv_draw_vg_lite_box_shadow.o ./build/obj//study/lv_port_linux_gec6818/lvgl/src/draw/vg_lite/lv_vg_lite_utils.o ./build/obj//study/lv_port_linux_gec6818/lvgl/src/draw/vg_lite/lv_draw_vg_lite_arc.o ./build/obj//study/lv_port_linux_gec6818/lvgl/src/draw/vg_lite/lv_draw_vg_lite_triangle.o ./build/obj//study/lv_port_linux_gec6818/lvgl/src/draw/vg_lite/lv_vg_lite_pending.o ./build/obj//study/lv_port_linux_gec6818/lvgl/src/draw/vg_lite/lv_draw_buf_vg_lite.o ./build/obj//study/lv_port_linux_gec6818/lvgl/src/draw/lv_image_decoder.o ./build/obj//study/lv_port_linux_gec6818/lvgl/src/lv_init.o ./build/obj//study/lv_port_linux_gec6818/lvgl/src/drivers/x11/lv_x11_input.o ./build/obj//study/lv_port_linux_gec6818/lvgl/src/drivers/x11/lv_x11_display.o ./build/obj//study/lv_port_linux_gec6818/lvgl/src/drivers/display/st7796/lv_st7796.o ./build/obj//study/lv_port_linux_gec6818/lvgl/src/drivers/display/drm/lv_linux_drm.o ./build/obj//study/lv_port_linux_gec6818/lvgl/src/drivers/display/fb/lv_linux_fbdev.o ./build/obj//study/lv_port_linux_gec6818/lvgl/src/drivers/display/st7735/lv_st7735.o ./build/obj//study/lv_port_linux_gec6818/lvgl/src/drivers/display/ili9341/lv_ili9341.o ./build/obj//study/lv_port_linux_gec6818/lvgl/src/drivers/display/st7789/lv_st7789.o ./build/obj//study/lv_port_linux_gec6818/lvgl/src/drivers/display/lcd/lv_lcd_generic_mipi.o ./build/obj//study/lv_port_linux_gec6818/lvgl/src/drivers/sdl/lv_sdl_window.o ./build/obj//study/lv_port_linux_gec6818/lvgl/src/drivers/sdl/lv_sdl_mouse.o ./build/obj//study/lv_port_linux_gec6818/lvgl/src/drivers/sdl/lv_sdl_mousewheel.o ./build/obj//study/lv_port_linux_gec6818/lvgl/src/drivers/sdl/lv_sdl_keyboard.o ./build/obj//study/lv_port_linux_gec6818/lvgl/src/drivers/windows/lv_windows_input.o ./build/obj//study/lv_port_linux_gec6818/lvgl/src/drivers/windows/lv_windows_context.o ./build/obj//study/lv_port_linux_gec6818/lvgl/src/drivers/windows/lv_windows_display.o ./build/obj//study/lv_port_linux_gec6818/lvgl/src/drivers/libinput/lv_xkb.o ./build/obj//study/lv_port_linux_gec6818/lvgl/src/drivers/libinput/lv_libinput.o ./build/obj//study/lv_port_linux_gec6818/lvgl/src/drivers/evdev/lv_evdev.o ./build/obj//study/lv_port_linux_gec6818/lvgl/src/drivers/nuttx/lv_nuttx_image_cache.o ./build/obj//study/lv_port_linux_gec6818/lvgl/src/drivers/nuttx/lv_nuttx_profiler.o ./build/obj//study/lv_port_linux_gec6818/lvgl/src/drivers/nuttx/lv_nuttx_entry.o ./build/obj//study/lv_port_linux_gec6818/lvgl/src/drivers/nuttx/lv_nuttx_cache.o ./build/obj//study/lv_port_linux_gec6818/lvgl/src/drivers/nuttx/lv_nuttx_fbdev.o ./build/obj//study/lv_port_linux_gec6818/lvgl/src/drivers/nuttx/lv_nuttx_lcd.o ./build/obj//study/lv_port_linux_gec6818/lvgl/src/drivers/nuttx/lv_nuttx_touchscreen.o ./build/obj//study/lv_port_linux_gec6818/lvgl/src/drivers/nuttx/lv_nuttx_libuv.o ./build/obj//study/lv_port_linux_gec6818/lvgl/src/tick/lv_tick.o ./build/obj//study/lv_port_linux_gec6818/lvgl/demos/multilang/assets/avatars/img_multilang_avatar_4.o ./build/obj//study/lv_port_linux_gec6818/lvgl/demos/multilang/assets/avatars/img_multilang_avatar_10.o ./build/obj//study/lv_port_linux_gec6818/lvgl/demos/multilang/assets/avatars/img_multilang_avatar_8.o ./build/obj//study/lv_port_linux_gec6818/lvgl/demos/multilang/assets/avatars/img_multilang_avatar_25.o ./build/obj//study/lv_port_linux_gec6818/lvgl/demos/multilang/assets/avatars/img_multilang_avatar_19.o ./build/obj//study/lv_port_linux_gec6818/lvgl/demos/multilang/assets/avatars/img_multilang_avatar_9.o ./build/obj//study/lv_port_linux_gec6818/lvgl/demos/multilang/assets/avatars/img_multilang_avatar_16.o ./build/obj//study/lv_port_linux_gec6818/lvgl/demos/multilang/assets/avatars/img_multilang_avatar_11.o ./build/obj//study/lv_port_linux_gec6818/lvgl/demos/multilang/assets/avatars/img_multilang_avatar_3.o ./build/obj//study/lv_port_linux_gec6818/lvgl/demos/multilang/assets/avatars/img_multilang_avatar_14.o ./build/obj//study/lv_port_linux_gec6818/lvgl/demos/multilang/assets/avatars/img_multilang_avatar_6.o ./build/obj//study/lv_port_linux_gec6818/lvgl/demos/multilang/assets/avatars/img_multilang_avatar_5.o ./build/obj//study/lv_port_linux_gec6818/lvgl/demos/multilang/assets/avatars/img_multilang_avatar_1.o ./build/obj//study/lv_port_linux_gec6818/lvgl/demos/multilang/assets/avatars/img_multilang_avatar_22.o ./build/obj//study/lv_port_linux_gec6818/lvgl/demos/multilang/assets/avatars/img_multilang_avatar_12.o ./build/obj//study/lv_port_linux_gec6818/lvgl/demos/multilang/assets/avatars/img_multilang_avatar_13.o ./build/obj//study/lv_port_linux_gec6818/lvgl/demos/multilang/assets/avatars/img_multilang_avatar_2.o ./build/obj//study/lv_port_linux_gec6818/lvgl/demos/multilang/assets/avatars/img_multilang_avatar_17.o ./build/obj//study/lv_port_linux_gec6818/lvgl/demos/multilang/assets/avatars/img_multilang_avatar_15.o ./build/obj//study/lv_port_linux_gec6818/lvgl/demos/multilang/assets/avatars/img_multilang_avatar_7.o ./build/obj//study/lv_port_linux_gec6818/lvgl/demos/multilang/assets/avatars/img_multilang_avatar_18.o ./build/obj//study/lv_port_linux_gec6818/lvgl/demos/multilang/assets/img_multilang_like.o ./build/obj//study/lv_port_linux_gec6818/lvgl/demos/multilang/assets/emojis/img_emoji_earth_globe_europe_africa.o ./build/obj//study/lv_port_linux_gec6818/lvgl/demos/multilang/assets/emojis/img_emoji_artist_palette.o ./build/obj//study/lv_port_linux_gec6818/lvgl/demos/multilang/assets/emojis/img_emoji_dog_face.o ./build/obj//study/lv_port_linux_gec6818/lvgl/demos/multilang/assets/emojis/img_emoji_soccer_ball.o ./build/obj//study/lv_port_linux_gec6818/lvgl/demos/multilang/assets/emojis/img_emoji_camera_with_flash.o ./build/obj//study/lv_port_linux_gec6818/lvgl/demos/multilang/assets/emojis/img_emoji_movie_camera.o ./build/obj//study/lv_port_linux_gec6818/lvgl/demos/multilang/assets/emojis/img_emoji_deciduous_tree.o ./build/obj//study/lv_port_linux_gec6818/lvgl/demos/multilang/assets/emojis/img_emoji_red_heart.o ./build/obj//study/lv_port_linux_gec6818/lvgl/demos/multilang/assets/emojis/img_emoji_flexed_biceps.o ./build/obj//study/lv_port_linux_gec6818/lvgl/demos/multilang/assets/emojis/img_emoji_cat_face.o ./build/obj//study/lv_port_linux_gec6818/lvgl/demos/multilang/assets/emojis/img_emoji_rocket.o ./build/obj//study/lv_port_linux_gec6818/lvgl/demos/multilang/assets/emojis/img_emoji_books.o ./build/obj//study/lv_port_linux_gec6818/lvgl/demos/multilang/assets/fonts/font_multilang_small.o ./build/obj//study/lv_port_linux_gec6818/lvgl/demos/multilang/assets/fonts/font_multilang_large.o ./build/obj//study/lv_port_linux_gec6818/lvgl/demos/multilang/lv_demo_multilang.o ./build/obj//study/lv_port_linux_gec6818/lvgl/demos/keypad_encoder/lv_demo_keypad_encoder.o ./build/obj//study/lv_port_linux_gec6818/lvgl/demos/stress/lv_demo_stress.o ./build/obj//study/lv_port_linux_gec6818/lvgl/demos/render/assets/img_render_lvgl_logo_xrgb8888.o ./build/obj//study/lv_port_linux_gec6818/lvgl/demos/render/assets/img_render_lvgl_logo_argb8888.o ./build/obj//study/lv_port_linux_gec6818/lvgl/demos/render/assets/img_render_lvgl_logo_rgb888.o ./build/obj//study/lv_port_linux_gec6818/lvgl/demos/render/assets/img_render_lvgl_logo_rgb565.o ./build/obj//study/lv_port_linux_gec6818/lvgl/demos/render/assets/img_render_arc_bg.o ./build/obj//study/lv_port_linux_gec6818/lvgl/demos/render/lv_demo_render.o ./build/obj//study/lv_port_linux_gec6818/lvgl/demos/transform/assets/img_transform_avatar_15.o ./build/obj//study/lv_port_linux_gec6818/lvgl/demos/transform/lv_demo_transform.o ./build/obj//study/lv_port_linux_gec6818/lvgl/demos/vector_graphic/assets/img_demo_vector_avatar.o ./build/obj//study/lv_port_linux_gec6818/lvgl/demos/vector_graphic/lv_demo_vector_graphic.o ./build/obj//study/lv_port_linux_gec6818/lvgl/demos/scroll/lv_demo_scroll.o ./build/obj//study/lv_port_linux_gec6818/lvgl/demos/widgets/lv_demo_widgets.o ./build/obj//study/lv_port_linux_gec6818/lvgl/demos/widgets/assets/img_lvgl_logo.o ./build/obj//study/lv_port_linux_gec6818/lvgl/demos/widgets/assets/img_demo_widgets_needle.o ./build/obj//study/lv_port_linux_gec6818/lvgl/demos/widgets/assets/img_clothes.o ./build/obj//study/lv_port_linux_gec6818/lvgl/demos/widgets/assets/img_demo_widgets_avatar.o ./build/obj//study/lv_port_linux_gec6818/lvgl/demos/music/assets/img_lv_demo_music_btn_play.o ./build/obj//study/lv_port_linux_gec6818/lvgl/demos/music/assets/img_lv_demo_music_corner_right_large.o ./build/obj//study/lv_port_linux_gec6818/lvgl/demos/music/assets/img_lv_demo_music_btn_list_play_large.o ./build/obj//study/lv_port_linux_gec6818/lvgl/demos/music/assets/img_lv_demo_music_btn_list_pause_large.o ./build/obj//study/lv_port_linux_gec6818/lvgl/demos/music/assets/img_lv_demo_music_wave_bottom_large.o ./build/obj//study/lv_port_linux_gec6818/lvgl/demos/music/assets/img_lv_demo_music_icon_2_large.o ./build/obj//study/lv_port_linux_gec6818/lvgl/demos/music/assets/img_lv_demo_music_icon_1_large.o ./build/obj//study/lv_port_linux_gec6818/lvgl/demos/music/assets/img_lv_demo_music_btn_list_play.o ./build/obj//study/lv_port_linux_gec6818/lvgl/demos/music/assets/img_lv_demo_music_slider_knob_large.o ./build/obj//study/lv_port_linux_gec6818/lvgl/demos/music/assets/img_lv_demo_music_btn_rnd.o ./build/obj//study/lv_port_linux_gec6818/lvgl/demos/music/assets/img_lv_demo_music_cover_2_large.o ./build/obj//study/lv_port_linux_gec6818/lvgl/demos/music/assets/img_lv_demo_music_corner_left.o ./build/obj//study/lv_port_linux_gec6818/lvgl/demos/music/assets/img_lv_demo_music_cover_2.o ./build/obj//study/lv_port_linux_gec6818/lvgl/demos/music/assets/img_lv_demo_music_icon_2.o ./build/obj//study/lv_port_linux_gec6818/lvgl/demos/music/assets/img_lv_demo_music_cover_3.o ./build/obj//study/lv_port_linux_gec6818/lvgl/demos/music/assets/img_lv_demo_music_corner_left_large.o ./build/obj//study/lv_port_linux_gec6818/lvgl/demos/music/assets/img_lv_demo_music_cover_3_large.o ./build/obj//study/lv_port_linux_gec6818/lvgl/demos/music/assets/img_lv_demo_music_btn_pause_large.o ./build/obj//study/lv_port_linux_gec6818/lvgl/demos/music/assets/img_lv_demo_music_btn_next_large.o ./build/obj//study/lv_port_linux_gec6818/lvgl/demos/music/assets/img_lv_demo_music_icon_4_large.o ./build/obj//study/lv_port_linux_gec6818/lvgl/demos/music/assets/img_lv_demo_music_cover_1_large.o ./build/obj//study/lv_port_linux_gec6818/lvgl/demos/music/assets/img_lv_demo_music_icon_3.o ./build/obj//study/lv_port_linux_gec6818/lvgl/demos/music/assets/img_lv_demo_music_btn_prev.o ./build/obj//study/lv_port_linux_gec6818/lvgl/demos/music/assets/img_lv_demo_music_btn_prev_large.o ./build/obj//study/lv_port_linux_gec6818/lvgl/demos/music/assets/img_lv_demo_music_btn_corner_large.o ./build/obj//study/lv_port_linux_gec6818/lvgl/demos/music/assets/img_lv_demo_music_btn_loop_large.o ./build/obj//study/lv_port_linux_gec6818/lvgl/demos/music/assets/img_lv_demo_music_logo.o ./build/obj//study/lv_port_linux_gec6818/lvgl/demos/music/assets/img_lv_demo_music_icon_1.o ./build/obj//study/lv_port_linux_gec6818/lvgl/demos/music/assets/img_lv_demo_music_corner_right.o ./build/obj//study/lv_port_linux_gec6818/lvgl/demos/music/assets/img_lv_demo_music_cover_1.o ./build/obj//study/lv_port_linux_gec6818/lvgl/demos/music/assets/img_lv_demo_music_btn_list_pause.o ./build/obj//study/lv_port_linux_gec6818/lvgl/demos/music/assets/img_lv_demo_music_icon_3_large.o ./build/obj//study/lv_port_linux_gec6818/lvgl/demos/music/assets/img_lv_demo_music_btn_rnd_large.o ./build/obj//study/lv_port_linux_gec6818/lvgl/demos/music/assets/img_lv_demo_music_wave_top.o ./build/obj//study/lv_port_linux_gec6818/lvgl/demos/music/assets/img_lv_demo_music_wave_bottom.o ./build/obj//study/lv_port_linux_gec6818/lvgl/demos/music/assets/img_lv_demo_music_slider_knob.o ./build/obj//study/lv_port_linux_gec6818/lvgl/demos/music/assets/img_lv_demo_music_list_border_large.o ./build/obj//study/lv_port_linux_gec6818/lvgl/demos/music/assets/img_lv_demo_music_wave_top_large.o ./build/obj//study/lv_port_linux_gec6818/lvgl/demos/music/assets/img_lv_demo_music_icon_4.o ./build/obj//study/lv_port_linux_gec6818/lvgl/demos/music/assets/img_lv_demo_music_btn_loop.o ./build/obj//study/lv_port_linux_gec6818/lvgl/demos/music/assets/img_lv_demo_music_btn_play_large.o ./build/obj//study/lv_port_linux_gec6818/lvgl/demos/music/assets/img_lv_demo_music_btn_next.o ./build/obj//study/lv_port_linux_gec6818/lvgl/demos/music/assets/img_lv_demo_music_list_border.o ./build/obj//study/lv_port_linux_gec6818/lvgl/demos/music/assets/img_lv_demo_music_btn_pause.o ./build/obj//study/lv_port_linux_gec6818/lvgl/demos/music/lv_demo_music_list.o ./build/obj//study/lv_port_linux_gec6818/lvgl/demos/music/lv_demo_music_main.o ./build/obj//study/lv_port_linux_gec6818/lvgl/demos/music/lv_demo_music.o ./build/obj//study/lv_port_linux_gec6818/lvgl/demos/flex_layout/lv_demo_flex_layout_view_child_node.o ./build/obj//study/lv_port_linux_gec6818/lvgl/demos/flex_layout/lv_demo_flex_layout_view_ctrl_pad.o ./build/obj//study/lv_port_linux_gec6818/lvgl/demos/flex_layout/lv_demo_flex_layout_ctrl_pad.o ./build/obj//study/lv_port_linux_gec6818/lvgl/demos/flex_layout/lv_demo_flex_layout_view.o ./build/obj//study/lv_port_linux_gec6818/lvgl/demos/flex_layout/lv_demo_flex_layout_flex_loader.o ./build/obj//study/lv_port_linux_gec6818/lvgl/demos/flex_layout/lv_demo_flex_layout_main.o ./build/obj//study/lv_port_linux_gec6818/lvgl/demos/benchmark/assets/img_benchmark_cogwheel_indexed16.o ./build/obj//study/lv_port_linux_gec6818/lvgl/demos/benchmark/assets/lv_font_benchmark_montserrat_16_compr_az.c.o ./build/obj//study/lv_port_linux_gec6818/lvgl/demos/benchmark/assets/img_benchmark_cogwheel_argb.o ./build/obj//study/lv_port_linux_gec6818/lvgl/demos/benchmark/assets/lv_font_benchmark_montserrat_12_compr_az.c.o ./build/obj//study/lv_port_linux_gec6818/lvgl/demos/benchmark/assets/lv_font_benchmark_montserrat_28_compr_az.c.o ./build/obj//study/lv_port_linux_gec6818/lvgl/demos/benchmark/assets/img_benchmark_cogwheel_rgb.o ./build/obj//study/lv_port_linux_gec6818/lvgl/demos/benchmark/assets/img_benchmark_cogwheel_alpha256.o ./build/obj//study/lv_port_linux_gec6818/lvgl/demos/benchmark/lv_demo_benchmark.o ./build/obj//study/lv_port_linux_gec6818/lvgl/demos/lv_demos.o ./build/obj//study/lv_port_linux_gec6818/lvgl/examples/assets/img_skew_strip.o ./build/obj//study/lv_port_linux_gec6818/lvgl/examples/assets/animimg002.o ./build/obj//study/lv_port_linux_gec6818/lvgl/examples/assets/emoji/img_emoji_F617.o ./build/obj//study/lv_port_linux_gec6818/lvgl/examples/assets/img_cogwheel_rgb.o ./build/obj//study/lv_port_linux_gec6818/lvgl/examples/assets/img_star.o ./build/obj//study/lv_port_linux_gec6818/lvgl/examples/assets/animimg001.o ./build/obj//study/lv_port_linux_gec6818/lvgl/examples/assets/imgbtn_mid.o ./build/obj//study/lv_port_linux_gec6818/lvgl/examples/assets/imgbtn_right.o ./build/obj//study/lv_port_linux_gec6818/lvgl/examples/assets/img_cogwheel_indexed16.o ./build/obj//study/lv_port_linux_gec6818/lvgl/examples/assets/imgbtn_left.o ./build/obj//study/lv_port_linux_gec6818/lvgl/examples/assets/img_caret_down.o ./build/obj//study/lv_port_linux_gec6818/lvgl/examples/assets/img_cogwheel_argb.o ./build/obj//study/lv_port_linux_gec6818/lvgl/examples/assets/img_hand.o ./build/obj//study/lv_port_linux_gec6818/lvgl/examples/assets/animimg003.o ./build/obj//study/lv_port_linux_gec6818/lvgl/examples/layouts/flex/lv_example_flex_3.o ./build/obj//study/lv_port_linux_gec6818/lvgl/examples/layouts/flex/lv_example_flex_1.o ./build/obj//study/lv_port_linux_gec6818/lvgl/examples/layouts/flex/lv_example_flex_5.o ./build/obj//study/lv_port_linux_gec6818/lvgl/examples/layouts/flex/lv_example_flex_6.o ./build/obj//study/lv_port_linux_gec6818/lvgl/examples/layouts/flex/lv_example_flex_2.o ./build/obj//study/lv_port_linux_gec6818/lvgl/examples/layouts/flex/lv_example_flex_4.o ./build/obj//study/lv_port_linux_gec6818/lvgl/examples/layouts/grid/lv_example_grid_5.o ./build/obj//study/lv_port_linux_gec6818/lvgl/examples/layouts/grid/lv_example_grid_3.o ./build/obj//study/lv_port_linux_gec6818/lvgl/examples/layouts/grid/lv_example_grid_6.o ./build/obj//study/lv_port_linux_gec6818/lvgl/examples/layouts/grid/lv_example_grid_1.o ./build/obj//study/lv_port_linux_gec6818/lvgl/examples/layouts/grid/lv_example_grid_2.o ./build/obj//study/lv_port_linux_gec6818/lvgl/examples/layouts/grid/lv_example_grid_4.o ./build/obj//study/lv_port_linux_gec6818/lvgl/examples/others/snapshot/lv_example_snapshot_1.o ./build/obj//study/lv_port_linux_gec6818/lvgl/examples/others/monkey/lv_example_monkey_3.o ./build/obj//study/lv_port_linux_gec6818/lvgl/examples/others/monkey/lv_example_monkey_2.o ./build/obj//study/lv_port_linux_gec6818/lvgl/examples/others/monkey/lv_example_monkey_1.o ./build/obj//study/lv_port_linux_gec6818/lvgl/examples/others/file_explorer/lv_example_file_explorer_2.o ./build/obj//study/lv_port_linux_gec6818/lvgl/examples/others/file_explorer/lv_example_file_explorer_1.o ./build/obj//study/lv_port_linux_gec6818/lvgl/examples/others/file_explorer/lv_example_file_explorer_3.o ./build/obj//study/lv_port_linux_gec6818/lvgl/examples/others/imgfont/lv_example_imgfont_1.o ./build/obj//study/lv_port_linux_gec6818/lvgl/examples/others/ime/lv_example_ime_pinyin_1.o ./build/obj//study/lv_port_linux_gec6818/lvgl/examples/others/ime/lv_example_ime_pinyin_2.o ./build/obj//study/lv_port_linux_gec6818/lvgl/examples/others/gridnav/lv_example_gridnav_1.o ./build/obj//study/lv_port_linux_gec6818/lvgl/examples/others/gridnav/lv_example_gridnav_3.o ./build/obj//study/lv_port_linux_gec6818/lvgl/examples/others/gridnav/lv_example_gridnav_4.o ./build/obj//study/lv_port_linux_gec6818/lvgl/examples/others/gridnav/lv_example_gridnav_2.o ./build/obj//study/lv_port_linux_gec6818/lvgl/examples/others/fragment/lv_example_fragment_2.o ./build/obj//study/lv_port_linux_gec6818/lvgl/examples/others/fragment/lv_example_fragment_1.o ./build/obj//study/lv_port_linux_gec6818/lvgl/examples/others/observer/lv_example_observer_4.o ./build/obj//study/lv_port_linux_gec6818/lvgl/examples/others/observer/lv_example_observer_5.o ./build/obj//study/lv_port_linux_gec6818/lvgl/examples/others/observer/lv_example_observer_1.o ./build/obj//study/lv_port_linux_gec6818/lvgl/examples/others/observer/lv_example_observer_6.o ./build/obj//study/lv_port_linux_gec6818/lvgl/examples/others/observer/lv_example_observer_2.o ./build/obj//study/lv_port_linux_gec6818/lvgl/examples/others/observer/lv_example_observer_7.o ./build/obj//study/lv_port_linux_gec6818/lvgl/examples/others/observer/lv_example_observer_3.o ./build/obj//study/lv_port_linux_gec6818/lvgl/examples/styles/lv_example_style_7.o ./build/obj//study/lv_port_linux_gec6818/lvgl/examples/styles/lv_example_style_11.o ./build/obj//study/lv_port_linux_gec6818/lvgl/examples/styles/lv_example_style_8.o ./build/obj//study/lv_port_linux_gec6818/lvgl/examples/styles/lv_example_style_12.o ./build/obj//study/lv_port_linux_gec6818/lvgl/examples/styles/lv_example_style_1.o ./build/obj//study/lv_port_linux_gec6818/lvgl/examples/styles/lv_example_style_3.o ./build/obj//study/lv_port_linux_gec6818/lvgl/examples/styles/lv_example_style_9.o ./build/obj//study/lv_port_linux_gec6818/lvgl/examples/styles/lv_example_style_13.o ./build/obj//study/lv_port_linux_gec6818/lvgl/examples/styles/lv_example_style_5.o ./build/obj//study/lv_port_linux_gec6818/lvgl/examples/styles/lv_example_style_15.o ./build/obj//study/lv_port_linux_gec6818/lvgl/examples/styles/lv_example_style_14.o ./build/obj//study/lv_port_linux_gec6818/lvgl/examples/styles/lv_example_style_4.o ./build/obj//study/lv_port_linux_gec6818/lvgl/examples/styles/lv_example_style_10.o ./build/obj//study/lv_port_linux_gec6818/lvgl/examples/styles/lv_example_style_6.o ./build/obj//study/lv_port_linux_gec6818/lvgl/examples/styles/lv_example_style_2.o ./build/obj//study/lv_port_linux_gec6818/lvgl/examples/porting/lv_port_indev_template.o ./build/obj//study/lv_port_linux_gec6818/lvgl/examples/porting/lv_port_lcd_stm32_template.o ./build/obj//study/lv_port_linux_gec6818/lvgl/examples/porting/lv_port_disp_template.o ./build/obj//study/lv_port_linux_gec6818/lvgl/examples/porting/lv_port_fs_template.o ./build/obj//study/lv_port_linux_gec6818/lvgl/examples/get_started/lv_example_get_started_2.o ./build/obj//study/lv_port_linux_gec6818/lvgl/examples/get_started/lv_example_get_started_4.o ./build/obj//study/lv_port_linux_gec6818/lvgl/examples/get_started/lv_example_get_started_3.o ./build/obj//study/lv_port_linux_gec6818/lvgl/examples/get_started/lv_example_get_started_1.o ./build/obj//study/lv_port_linux_gec6818/lvgl/examples/scroll/lv_example_scroll_1.o ./build/obj//study/lv_port_linux_gec6818/lvgl/examples/scroll/lv_example_scroll_4.o ./build/obj//study/lv_port_linux_gec6818/lvgl/examples/scroll/lv_example_scroll_2.o ./build/obj//study/lv_port_linux_gec6818/lvgl/examples/scroll/lv_example_scroll_6.o ./build/obj//study/lv_port_linux_gec6818/lvgl/examples/scroll/lv_example_scroll_3.o ./build/obj//study/lv_port_linux_gec6818/lvgl/examples/scroll/lv_example_scroll_5.o ./build/obj//study/lv_port_linux_gec6818/lvgl/examples/widgets/image/lv_example_image_4.o ./build/obj//study/lv_port_linux_gec6818/lvgl/examples/widgets/image/lv_example_image_3.o ./build/obj//study/lv_port_linux_gec6818/lvgl/examples/widgets/image/lv_example_image_2.o ./build/obj//study/lv_port_linux_gec6818/lvgl/examples/widgets/image/lv_example_image_1.o ./build/obj//study/lv_port_linux_gec6818/lvgl/examples/widgets/roller/lv_example_roller_3.o ./build/obj//study/lv_port_linux_gec6818/lvgl/examples/widgets/roller/lv_example_roller_2.o ./build/obj//study/lv_port_linux_gec6818/lvgl/examples/widgets/roller/lv_example_roller_1.o ./build/obj//study/lv_port_linux_gec6818/lvgl/examples/widgets/line/lv_example_line_1.o ./build/obj//study/lv_port_linux_gec6818/lvgl/examples/widgets/led/lv_example_led_1.o ./build/obj//study/lv_port_linux_gec6818/lvgl/examples/widgets/switch/lv_example_switch_1.o ./build/obj//study/lv_port_linux_gec6818/lvgl/examples/widgets/dropdown/lv_example_dropdown_2.o ./build/obj//study/lv_port_linux_gec6818/lvgl/examples/widgets/dropdown/lv_example_dropdown_3.o ./build/obj//study/lv_port_linux_gec6818/lvgl/examples/widgets/dropdown/lv_example_dropdown_1.o ./build/obj//study/lv_port_linux_gec6818/lvgl/examples/widgets/button/lv_example_button_3.o ./build/obj//study/lv_port_linux_gec6818/lvgl/examples/widgets/button/lv_example_button_2.o ./build/obj//study/lv_port_linux_gec6818/lvgl/examples/widgets/button/lv_example_button_1.o ./build/obj//study/lv_port_linux_gec6818/lvgl/examples/widgets/menu/lv_example_menu_3.o ./build/obj//study/lv_port_linux_gec6818/lvgl/examples/widgets/menu/lv_example_menu_2.o ./build/obj//study/lv_port_linux_gec6818/lvgl/examples/widgets/menu/lv_example_menu_4.o ./build/obj//study/lv_port_linux_gec6818/lvgl/examples/widgets/menu/lv_example_menu_1.o ./build/obj//study/lv_port_linux_gec6818/lvgl/examples/widgets/menu/lv_example_menu_5.o ./build/obj//study/lv_port_linux_gec6818/lvgl/examples/widgets/checkbox/lv_example_checkbox_1.o ./build/obj//study/lv_port_linux_gec6818/lvgl/examples/widgets/checkbox/lv_example_checkbox_2.o ./build/obj//study/lv_port_linux_gec6818/lvgl/examples/widgets/spinner/lv_example_spinner_1.o ./build/obj//study/lv_port_linux_gec6818/lvgl/examples/widgets/animimg/lv_example_animimg_1.o ./build/obj//study/lv_port_linux_gec6818/lvgl/examples/widgets/tabview/lv_example_tabview_1.o ./build/obj//study/lv_port_linux_gec6818/lvgl/examples/widgets/tabview/lv_example_tabview_2.o ./build/obj//study/lv_port_linux_gec6818/lvgl/examples/widgets/span/lv_example_span_1.o ./build/obj//study/lv_port_linux_gec6818/lvgl/examples/widgets/slider/lv_example_slider_4.o ./build/obj//study/lv_port_linux_gec6818/lvgl/examples/widgets/slider/lv_example_slider_1.o ./build/obj//study/lv_port_linux_gec6818/lvgl/examples/widgets/slider/lv_example_slider_2.o ./build/obj//study/lv_port_linux_gec6818/lvgl/examples/widgets/slider/lv_example_slider_3.o ./build/obj//study/lv_port_linux_gec6818/lvgl/examples/widgets/bar/lv_example_bar_4.o ./build/obj//study/lv_port_linux_gec6818/lvgl/examples/widgets/bar/lv_example_bar_3.o ./build/obj//study/lv_port_linux_gec6818/lvgl/examples/widgets/bar/lv_example_bar_7.o ./build/obj//study/lv_port_linux_gec6818/lvgl/examples/widgets/bar/lv_example_bar_1.o ./build/obj//study/lv_port_linux_gec6818/lvgl/examples/widgets/bar/lv_example_bar_2.o ./build/obj//study/lv_port_linux_gec6818/lvgl/examples/widgets/bar/lv_example_bar_6.o ./build/obj//study/lv_port_linux_gec6818/lvgl/examples/widgets/bar/lv_example_bar_5.o ./build/obj//study/lv_port_linux_gec6818/lvgl/examples/widgets/label/lv_example_label_3.o ./build/obj//study/lv_port_linux_gec6818/lvgl/examples/widgets/label/lv_example_label_1.o ./build/obj//study/lv_port_linux_gec6818/lvgl/examples/widgets/label/lv_example_label_5.o ./build/obj//study/lv_port_linux_gec6818/lvgl/examples/widgets/label/lv_example_label_2.o ./build/obj//study/lv_port_linux_gec6818/lvgl/examples/widgets/label/lv_example_label_4.o ./build/obj//study/lv_port_linux_gec6818/lvgl/examples/widgets/keyboard/lv_example_keyboard_1.o ./build/obj//study/lv_port_linux_gec6818/lvgl/examples/widgets/keyboard/lv_example_keyboard_2.o ./build/obj//study/lv_port_linux_gec6818/lvgl/examples/widgets/chart/lv_example_chart_1.o ./build/obj//study/lv_port_linux_gec6818/lvgl/examples/widgets/chart/lv_example_chart_4.o ./build/obj//study/lv_port_linux_gec6818/lvgl/examples/widgets/chart/lv_example_chart_7.o ./build/obj//study/lv_port_linux_gec6818/lvgl/examples/widgets/chart/lv_example_chart_3.o ./build/obj//study/lv_port_linux_gec6818/lvgl/examples/widgets/chart/lv_example_chart_2.o ./build/obj//study/lv_port_linux_gec6818/lvgl/examples/widgets/chart/lv_example_chart_6.o ./build/obj//study/lv_port_linux_gec6818/lvgl/examples/widgets/chart/lv_example_chart_5.o ./build/obj//study/lv_port_linux_gec6818/lvgl/examples/widgets/chart/lv_example_chart_8.o ./build/obj//study/lv_port_linux_gec6818/lvgl/examples/widgets/canvas/lv_example_canvas_4.o ./build/obj//study/lv_port_linux_gec6818/lvgl/examples/widgets/canvas/lv_example_canvas_7.o ./build/obj//study/lv_port_linux_gec6818/lvgl/examples/widgets/canvas/lv_example_canvas_5.o ./build/obj//study/lv_port_linux_gec6818/lvgl/examples/widgets/canvas/lv_example_canvas_2.o ./build/obj//study/lv_port_linux_gec6818/lvgl/examples/widgets/canvas/lv_example_canvas_1.o ./build/obj//study/lv_port_linux_gec6818/lvgl/examples/widgets/canvas/lv_example_canvas_3.o ./build/obj//study/lv_port_linux_gec6818/lvgl/examples/widgets/canvas/lv_example_canvas_6.o ./build/obj//study/lv_port_linux_gec6818/lvgl/examples/widgets/canvas/lv_example_canvas_8.o ./build/obj//study/lv_port_linux_gec6818/lvgl/examples/widgets/calendar/lv_example_calendar_1.o ./build/obj//study/lv_port_linux_gec6818/lvgl/examples/widgets/tileview/lv_example_tileview_1.o ./build/obj//study/lv_port_linux_gec6818/lvgl/examples/widgets/obj/lv_example_obj_2.o ./build/obj//study/lv_port_linux_gec6818/lvgl/examples/widgets/obj/lv_example_obj_1.o ./build/obj//study/lv_port_linux_gec6818/lvgl/examples/widgets/table/lv_example_table_1.o ./build/obj//study/lv_port_linux_gec6818/lvgl/examples/widgets/table/lv_example_table_2.o ./build/obj//study/lv_port_linux_gec6818/lvgl/examples/widgets/spinbox/lv_example_spinbox_1.o ./build/obj//study/lv_port_linux_gec6818/lvgl/examples/widgets/textarea/lv_example_textarea_1.o ./build/obj//study/lv_port_linux_gec6818/lvgl/examples/widgets/textarea/lv_example_textarea_2.o ./build/obj//study/lv_port_linux_gec6818/lvgl/examples/widgets/textarea/lv_example_textarea_3.o ./build/obj//study/lv_port_linux_gec6818/lvgl/examples/widgets/imagebutton/lv_example_imagebutton_1.o ./build/obj//study/lv_port_linux_gec6818/lvgl/examples/widgets/win/lv_example_win_1.o ./build/obj//study/lv_port_linux_gec6818/lvgl/examples/widgets/arc/lv_example_arc_2.o ./build/obj//study/lv_port_linux_gec6818/lvgl/examples/widgets/arc/lv_example_arc_1.o ./build/obj//study/lv_port_linux_gec6818/lvgl/examples/widgets/buttonmatrix/lv_example_buttonmatrix_3.o ./build/obj//study/lv_port_linux_gec6818/lvgl/examples/widgets/buttonmatrix/lv_example_buttonmatrix_1.o ./build/obj//study/lv_port_linux_gec6818/lvgl/examples/widgets/buttonmatrix/lv_example_buttonmatrix_2.o ./build/obj//study/lv_port_linux_gec6818/lvgl/examples/widgets/list/lv_example_list_1.o ./build/obj//study/lv_port_linux_gec6818/lvgl/examples/widgets/list/lv_example_list_2.o ./build/obj//study/lv_port_linux_gec6818/lvgl/examples/widgets/scale/lv_example_scale_4.o ./build/obj//study/lv_port_linux_gec6818/lvgl/examples/widgets/scale/lv_example_scale_2.o ./build/obj//study/lv_port_linux_gec6818/lvgl/examples/widgets/scale/lv_example_scale_5.o ./build/obj//study/lv_port_linux_gec6818/lvgl/examples/widgets/scale/lv_example_scale_1.o ./build/obj//study/lv_port_linux_gec6818/lvgl/examples/widgets/scale/lv_example_scale_3.o ./build/obj//study/lv_port_linux_gec6818/lvgl/examples/widgets/msgbox/lv_example_msgbox_1.o ./build/obj//study/lv_port_linux_gec6818/lvgl/examples/anim/lv_example_anim_3.o ./build/obj//study/lv_port_linux_gec6818/lvgl/examples/anim/lv_example_anim_timeline_1.o ./build/obj//study/lv_port_linux_gec6818/lvgl/examples/anim/lv_example_anim_2.o ./build/obj//study/lv_port_linux_gec6818/lvgl/examples/anim/lv_example_anim_1.o ./build/obj//study/lv_port_linux_gec6818/lvgl/examples/libs/bmp/lv_example_bmp_1.o ./build/obj//study/lv_port_linux_gec6818/lvgl/examples/libs/gif/img_bulb_gif.o ./build/obj//study/lv_port_linux_gec6818/lvgl/examples/libs/gif/lv_example_gif_1.o ./build/obj//study/lv_port_linux_gec6818/lvgl/examples/libs/freetype/lv_example_freetype_1.o ./build/obj//study/lv_port_linux_gec6818/lvgl/examples/libs/libpng/lv_example_libpng_1.o ./build/obj//study/lv_port_linux_gec6818/lvgl/examples/libs/tjpgd/lv_example_tjpgd_1.o ./build/obj//study/lv_port_linux_gec6818/lvgl/examples/libs/barcode/lv_example_barcode_1.o ./build/obj//study/lv_port_linux_gec6818/lvgl/examples/libs/libjpeg_turbo/lv_example_libjpeg_turbo_1.o ./build/obj//study/lv_port_linux_gec6818/lvgl/examples/libs/tiny_ttf/lv_example_tiny_ttf_2.o ./build/obj//study/lv_port_linux_gec6818/lvgl/examples/libs/tiny_ttf/ubuntu_font.o ./build/obj//study/lv_port_linux_gec6818/lvgl/examples/libs/tiny_ttf/lv_example_tiny_ttf_3.o ./build/obj//study/lv_port_linux_gec6818/lvgl/examples/libs/tiny_ttf/lv_example_tiny_ttf_1.o ./build/obj//study/lv_port_linux_gec6818/lvgl/examples/libs/ffmpeg/lv_example_ffmpeg_1.o ./build/obj//study/lv_port_linux_gec6818/lvgl/examples/libs/ffmpeg/lv_example_ffmpeg_2.o ./build/obj//study/lv_port_linux_gec6818/lvgl/examples/libs/lodepng/lv_example_lodepng_1.o ./build/obj//study/lv_port_linux_gec6818/lvgl/examples/libs/lodepng/img_wink_png.o ./build/obj//study/lv_port_linux_gec6818/lvgl/examples/libs/rlottie/lv_example_rlottie_1.o ./build/obj//study/lv_port_linux_gec6818/lvgl/examples/libs/rlottie/lv_example_rlottie_approve.o ./build/obj//study/lv_port_linux_gec6818/lvgl/examples/libs/rlottie/lv_example_rlottie_2.o ./build/obj//study/lv_port_linux_gec6818/lvgl/examples/libs/qrcode/lv_example_qrcode_1.o ./build/obj//study/lv_port_linux_gec6818/lvgl/examples/event/lv_example_event_1.o ./build/obj//study/lv_port_linux_gec6818/lvgl/examples/event/lv_example_event_4.o ./build/obj//study/lv_port_linux_gec6818/lvgl/examples/event/lv_example_event_3.o ./build/obj//study/lv_port_linux_gec6818/lvgl/examples/event/lv_example_event_2.o ./build/obj/UI/ui.o ./build/obj/UI/ui_chinese_font.o ./build/obj/UI/images/ui_img_note1_png.o ./build/obj/UI/images/ui_img_user2_png.o ./build/obj/UI/images/ui_img_qrbanana_png.o ./build/obj/UI/images/ui_img_location_png.o ./build/obj/UI/images/ui_img_charing1_png.o ./build/obj/UI/images/ui_img_admin1_png.o ./build/obj/UI/images/ui_img_model3_png.o ./build/obj/UI/images/ui_img_lightning_png.o ./build/obj/UI/images/ui_img_location2_png.o ./build/obj/UI/images/ui_img_wallet_png.o ./build/obj/UI/images/ui_img_flash_png.o ./build/obj/UI/images/ui_img_user1_png.o ./build/obj/UI/images/ui_img_email_png.o ./build/obj/UI/images/ui_img_user_png.o ./build/obj/UI/images/ui_img_dot_png.o ./build/obj/UI/images/ui_img_battery_png.o ./build/obj/UI/images/ui_img_lixiang_png.o ./build/obj/UI/images/ui_img_dollar2_png.o ./build/obj/UI/images/ui_img_car2_png.o ./build/obj/UI/images/ui_img_temperature_png.o ./build/obj/UI/images/ui_img_admin_png.o ./build/obj/UI/images/ui_img_1753557361.o ./build/obj/UI/images/ui_img_car_png.o ./build/obj/UI/images/ui_img_setting_png.o ./build/obj/UI/images/ui_img_shield_png.o ./build/obj/UI/images/ui_img_1142343547.o ./build/obj/UI/images/ui_img_ranking2_png.o ./build/obj/UI/images/ui_img_clock_png.o ./build/obj/UI/images/ui_img_clock2_png.o ./build/obj/UI/images/ui_img_note2_png.o ./build/obj/UI/images/ui_img_location1_png.o ./build/obj/UI/images/ui_img_charing_png.o ./build/obj/UI/images/ui_img_phone_png.o ./build/obj/UI/components/ui_comp_hook.o ./build/obj/UI/ui_helpers.o ./build/obj/UI/screens/ui_Screen4.o ./build/obj/UI/screens/ui_Screen1.o ./build/obj/UI/screens/ui_Screen2.o ./build/obj/UI/screens/ui_Screen3.o ./build/obj/UI/screens/ui_Screen5.o ./build/obj/UI/ui_themes.o ./build/obj/UI/ui_theme_manager.o ./build/obj/mouse_cursor_icon.o ./build/obj/main.o -lm -lSDL2 -L/usr/local/lib -lfreetype
